{"logTime": "1117/105756", "correlationVector":"jNwjgmxkgsFwT0VGLwRq5w.85","action":"GetUpdates", "result":"DeleteReceived", "context":{"id":"329f1687-a1b9-4b66-93aa-bc25c95fd442", "isDeleted:":"true", "version":"1693631019962"}}
{"logTime": "1117/105756", "correlationVector":"jNwjgmxkgsFwT0VGLwRq5w.86","action":"GetUpdates", "result":"DeleteReceived", "context":{"id":"efbb58e1-a56c-40df-b103-b6b4814cc7d4", "isDeleted:":"true", "version":"1693631019964"}}
{"logTime": "1117/105756", "correlationVector":"jNwjgmxkgsFwT0VGLwRq5w.87","action":"GetUpdates", "result":"DeleteReceived", "context":{"id":"0b18598d-59e9-4759-aa8b-88a519c2130c", "isDeleted:":"true", "version":"1693631021518"}}
{"logTime": "1117/105756", "correlationVector":"jNwjgmxkgsFwT0VGLwRq5w.88","action":"GetUpdates", "result":"DeleteReceived", "context":{"id":"12d0602a-4087-44cb-910a-ef34650a56e2", "isDeleted:":"true", "version":"1693631021520"}}
{"logTime": "1117/105756", "correlationVector":"jNwjgmxkgsFwT0VGLwRq5w.89","action":"GetUpdates", "result":"DeleteReceived", "context":{"id":"cb9ff274-2d14-486a-85dd-539f25809816", "isDeleted:":"true", "version":"1693631021522"}}
{"logTime": "1117/105756", "correlationVector":"jNwjgmxkgsFwT0VGLwRq5w.90","action":"GetUpdates", "result":"DeleteReceived", "context":{"id":"9100a344-155b-490b-9bce-632f9ffcd28e", "isDeleted:":"true", "version":"1693631021524"}}
{"logTime": "1117/105756", "correlationVector":"jNwjgmxkgsFwT0VGLwRq5w.91","action":"GetUpdates", "result":"DeleteReceived", "context":{"id":"2f53d6d6-1f9a-4539-a8cd-69c6e416374d", "isDeleted:":"true", "version":"1693631021525"}}
{"logTime": "1117/105756", "correlationVector":"jNwjgmxkgsFwT0VGLwRq5w.92","action":"GetUpdates", "result":"DeleteReceived", "context":{"id":"c1e61cdc-3256-4d5b-97a2-6309a74fc94c", "isDeleted:":"true", "version":"1693638391155"}}
{"logTime": "1117/105756", "correlationVector":"jNwjgmxkgsFwT0VGLwRq5w.93","action":"GetUpdates", "result":"DeleteReceived", "context":{"id":"fc6b88a4-bab8-4dc0-a982-961c33736f97", "isDeleted:":"true", "version":"1693638391160"}}
{"logTime": "1117/105756", "correlationVector":"jNwjgmxkgsFwT0VGLwRq5w.94","action":"GetUpdates", "result":"DeleteReceived", "context":{"id":"eed4d2ea-e162-4872-aa58-13c40c0bff43", "isDeleted:":"true", "version":"1693642029796"}}
{"logTime": "1117/105756", "correlationVector":"jNwjgmxkgsFwT0VGLwRq5w.95","action":"GetUpdates", "result":"DeleteReceived", "context":{"id":"ed59916d-7150-41f3-9180-b36f46ce35c7", "isDeleted:":"true", "version":"1693642029798"}}
{"logTime": "1117/105756", "correlationVector":"jNwjgmxkgsFwT0VGLwRq5w.96","action":"GetUpdates", "result":"DeleteReceived", "context":{"id":"00ef0058-df3b-486f-b944-74ba444ca831", "isDeleted:":"true", "version":"1693642029800"}}
{"logTime": "1117/105756", "correlationVector":"jNwjgmxkgsFwT0VGLwRq5w.97","action":"GetUpdates", "result":"DeleteReceived", "context":{"id":"4b98642d-e4ed-4bd0-8967-5ce02cc09e48", "isDeleted:":"true", "version":"1693642029803"}}
{"logTime": "1117/105756", "correlationVector":"jNwjgmxkgsFwT0VGLwRq5w.98","action":"GetUpdates", "result":"DeleteReceived", "context":{"id":"f4f99324-b053-46f5-8ead-172343b8dd61", "isDeleted:":"true", "version":"1693642029810"}}
{"logTime": "1117/105756", "correlationVector":"jNwjgmxkgsFwT0VGLwRq5w.99","action":"GetUpdates", "result":"DeleteReceived", "context":{"id":"5a04a895-29af-4a8f-9a00-0a9728b5d677", "isDeleted:":"true", "version":"1693645612250"}}
{"logTime": "1117/105756", "correlationVector":"jNwjgmxkgsFwT0VGLwRq5w.100","action":"GetUpdates", "result":"DeleteReceived", "context":{"id":"4dfa42fa-1e95-4d89-8211-98e527889a52", "isDeleted:":"true", "version":"1693645612252"}}
{"logTime": "1117/105756", "correlationVector":"jNwjgmxkgsFwT0VGLwRq5w.101","action":"GetUpdates", "result":"DeleteReceived", "context":{"id":"88b14d52-7aa1-4c8c-8394-67b4a7ea8101", "isDeleted:":"true", "version":"1693646278542"}}
{"logTime": "1117/105756", "correlationVector":"jNwjgmxkgsFwT0VGLwRq5w.102","action":"GetUpdates", "result":"DeleteReceived", "context":{"id":"aff6258b-7893-462a-83e7-469b6abeacb1", "isDeleted:":"true", "version":"1693646278544"}}
{"logTime": "1117/105756", "correlationVector":"jNwjgmxkgsFwT0VGLwRq5w.103","action":"GetUpdates", "result":"DeleteReceived", "context":{"id":"35fffff5-bcda-489c-8863-96766063bd6e", "isDeleted:":"true", "version":"1693646278545"}}
{"logTime": "1117/105756", "correlationVector":"jNwjgmxkgsFwT0VGLwRq5w.104","action":"GetUpdates", "result":"DeleteReceived", "context":{"id":"9c8a52ac-6ee5-437c-90d8-dad5f2b36228", "isDeleted:":"true", "version":"1693671080831"}}
{"logTime": "1117/105756", "correlationVector":"jNwjgmxkgsFwT0VGLwRq5w.105","action":"GetUpdates", "result":"DeleteReceived", "context":{"id":"1898bc07-8398-4155-be94-5b9821b0e7ef", "isDeleted:":"true", "version":"1693677269958"}}
{"logTime": "1117/105756", "correlationVector":"jNwjgmxkgsFwT0VGLwRq5w.106","action":"GetUpdates", "result":"DeleteReceived", "context":{"id":"9faeec67-4cbd-45a8-a07c-27f26718510c", "isDeleted:":"true", "version":"1693677269960"}}
{"logTime": "1117/105756", "correlationVector":"jNwjgmxkgsFwT0VGLwRq5w.107","action":"GetUpdates", "result":"DeleteReceived", "context":{"id":"0152f759-e125-448f-afe5-22140b3d332e", "isDeleted:":"true", "version":"1693677269961"}}
{"logTime": "1117/105756", "correlationVector":"jNwjgmxkgsFwT0VGLwRq5w.108","action":"GetUpdates", "result":"DeleteReceived", "context":{"id":"04b48bbf-c001-4d1b-b85b-78566b7ec079", "isDeleted:":"true", "version":"1693677269962"}}
{"logTime": "1117/105756", "correlationVector":"jNwjgmxkgsFwT0VGLwRq5w.109","action":"GetUpdates", "result":"DeleteReceived", "context":{"id":"59a919a9-adc1-486a-a26b-1ffc609eb9db", "isDeleted:":"true", "version":"1693677269963"}}
{"logTime": "1117/105756", "correlationVector":"jNwjgmxkgsFwT0VGLwRq5w.110","action":"GetUpdates", "result":"DeleteReceived", "context":{"id":"c2905ca9-27f2-4e7e-a8ee-4c46b1f80b78", "isDeleted:":"true", "version":"1693677269964"}}
{"logTime": "1117/105756", "correlationVector":"jNwjgmxkgsFwT0VGLwRq5w.111","action":"GetUpdates", "result":"DeleteReceived", "context":{"id":"d83d2cd4-afab-4896-99e4-03144711f3d5", "isDeleted:":"true", "version":"1693677269965"}}
{"logTime": "1117/105756", "correlationVector":"jNwjgmxkgsFwT0VGLwRq5w.112","action":"GetUpdates", "result":"DeleteReceived", "context":{"id":"280cf489-2f81-486d-a126-7425eac4f086", "isDeleted:":"true", "version":"1693677269967"}}
{"logTime": "1117/105756", "correlationVector":"jNwjgmxkgsFwT0VGLwRq5w.113","action":"GetUpdates", "result":"DeleteReceived", "context":{"id":"24701749-3587-42f8-9e1f-2f3c9cdb1fc8", "isDeleted:":"true", "version":"1693729034147"}}
{"logTime": "1117/105756", "correlationVector":"jNwjgmxkgsFwT0VGLwRq5w.114","action":"GetUpdates", "result":"DeleteReceived", "context":{"id":"1fb42b3a-4dfd-481d-aed3-0f7fae696e5a", "isDeleted:":"true", "version":"1693729034154"}}
{"logTime": "1117/105756", "correlationVector":"jNwjgmxkgsFwT0VGLwRq5w.115","action":"GetUpdates", "result":"DeleteReceived", "context":{"id":"ab8bf09c-31d5-42a2-9c95-d2050f60bfb5", "isDeleted:":"true", "version":"1693729034157"}}
{"logTime": "1117/105756", "correlationVector":"jNwjgmxkgsFwT0VGLwRq5w.116","action":"GetUpdates", "result":"DeleteReceived", "context":{"id":"7b51e446-8244-47be-abd9-374f93e3416d", "isDeleted:":"true", "version":"1693729034159"}}
{"logTime": "1117/105756", "correlationVector":"jNwjgmxkgsFwT0VGLwRq5w.117","action":"GetUpdates", "result":"DeleteReceived", "context":{"id":"3632b6d8-eaa0-4295-8184-3dd45feab8e4", "isDeleted:":"true", "version":"1693729034161"}}
{"logTime": "1117/105756", "correlationVector":"jNwjgmxkgsFwT0VGLwRq5w.118","action":"GetUpdates", "result":"DeleteReceived", "context":{"id":"dd830130-f109-4742-b28d-ef3bbfa8586f", "isDeleted:":"true", "version":"1693729034162"}}
{"logTime": "1117/105756", "correlationVector":"jNwjgmxkgsFwT0VGLwRq5w.119","action":"GetUpdates", "result":"DeleteReceived", "context":{"id":"8c0b2185-48fb-4028-9a28-c4be11ad5539", "isDeleted:":"true", "version":"1693729034164"}}
{"logTime": "1117/105756", "correlationVector":"jNwjgmxkgsFwT0VGLwRq5w.120","action":"GetUpdates", "result":"DeleteReceived", "context":{"id":"bc32512a-1e72-4248-82bf-1ff1bebc8506", "isDeleted:":"true", "version":"1693729035918"}}
{"logTime": "1117/105756", "correlationVector":"jNwjgmxkgsFwT0VGLwRq5w.121","action":"GetUpdates", "result":"DeleteReceived", "context":{"id":"4395ac1e-9a00-42fc-81d0-b2c607334aaf", "isDeleted:":"true", "version":"1693729035919"}}
{"logTime": "1117/105756", "correlationVector":"jNwjgmxkgsFwT0VGLwRq5w.122","action":"GetUpdates", "result":"DeleteReceived", "context":{"id":"0c646204-10b4-4c1d-ba8c-feb03d764f55", "isDeleted:":"true", "version":"1693729035923"}}
{"logTime": "1117/105756", "correlationVector":"jNwjgmxkgsFwT0VGLwRq5w.123","action":"GetUpdates", "result":"DeleteReceived", "context":{"id":"38d2656f-6935-4ff2-8425-f45eedb86aad", "isDeleted:":"true", "version":"1693729035924"}}
{"logTime": "1117/105756", "correlationVector":"jNwjgmxkgsFwT0VGLwRq5w.124","action":"GetUpdates", "result":"DeleteReceived", "context":{"id":"05c04053-ea2d-4a08-8a90-d7a7b361a7b1", "isDeleted:":"true", "version":"1693729035925"}}
{"logTime": "1117/105756", "correlationVector":"jNwjgmxkgsFwT0VGLwRq5w.125","action":"GetUpdates", "result":"DeleteReceived", "context":{"id":"387b354c-47da-4cbf-90fd-8d3c6e433b1d", "isDeleted:":"true", "version":"1693729035926"}}
{"logTime": "1117/105756", "correlationVector":"jNwjgmxkgsFwT0VGLwRq5w.126","action":"GetUpdates", "result":"DeleteReceived", "context":{"id":"a497868f-c304-4dfb-b50a-519f08c0bc60", "isDeleted:":"true", "version":"1693729035927"}}
{"logTime": "1117/105756", "correlationVector":"jNwjgmxkgsFwT0VGLwRq5w.127","action":"GetUpdates", "result":"DeleteReceived", "context":{"id":"51d6044f-15fc-41af-8f33-51d0402cf555", "isDeleted:":"true", "version":"1693729039422"}}
{"logTime": "1117/105756", "correlationVector":"jNwjgmxkgsFwT0VGLwRq5w.128","action":"GetUpdates", "result":"DeleteReceived", "context":{"id":"b7603e31-4cf4-41ae-9393-4e9634d9dbd4", "isDeleted:":"true", "version":"1693830098209"}}
{"logTime": "1117/105756", "correlationVector":"jNwjgmxkgsFwT0VGLwRq5w.129","action":"GetUpdates", "result":"DeleteReceived", "context":{"id":"7de07e1a-7a28-4fe7-845d-918c4cb4e3b8", "isDeleted:":"true", "version":"1693830098210"}}
{"logTime": "1117/105756", "correlationVector":"jNwjgmxkgsFwT0VGLwRq5w.130","action":"GetUpdates", "result":"DeleteReceived", "context":{"id":"e5235d39-e221-49e0-9902-6a468674128a", "isDeleted:":"true", "version":"1693830098214"}}
{"logTime": "1117/105756", "correlationVector":"jNwjgmxkgsFwT0VGLwRq5w.131","action":"GetUpdates", "result":"DeleteReceived", "context":{"id":"36467bca-5995-4d82-bff7-7bdcd720bc41", "isDeleted:":"true", "version":"1693830098215"}}
{"logTime": "1117/105756", "correlationVector":"jNwjgmxkgsFwT0VGLwRq5w.132","action":"GetUpdates", "result":"DeleteReceived", "context":{"id":"7cd20935-d725-4c97-866f-65d4a12fb906", "isDeleted:":"true", "version":"1693830179390"}}
{"logTime": "1117/105756", "correlationVector":"jNwjgmxkgsFwT0VGLwRq5w.133","action":"GetUpdates", "result":"DeleteReceived", "context":{"id":"a5367165-bd13-45c7-8843-b186e512fffb", "isDeleted:":"true", "version":"1693837162166"}}
{"logTime": "1117/105756", "correlationVector":"jNwjgmxkgsFwT0VGLwRq5w.134","action":"GetUpdates", "result":"DeleteReceived", "context":{"id":"8a2f9368-ed94-4bb8-9c2f-4ee3aa62a4e9", "isDeleted:":"true", "version":"1693874063211"}}
{"logTime": "1117/105756", "correlationVector":"jNwjgmxkgsFwT0VGLwRq5w.135","action":"GetUpdates", "result":"DeleteReceived", "context":{"id":"492983e0-9776-4117-b457-7fb27072a60e", "isDeleted:":"true", "version":"1693878415724"}}
{"logTime": "1117/105756", "correlationVector":"jNwjgmxkgsFwT0VGLwRq5w.136","action":"GetUpdates", "result":"DeleteReceived", "context":{"id":"72e0ea93-110a-4e0c-93c1-3b920faad39d", "isDeleted:":"true", "version":"1693878415725"}}
{"logTime": "1117/105756", "correlationVector":"jNwjgmxkgsFwT0VGLwRq5w.137","action":"GetUpdates", "result":"DeleteReceived", "context":{"id":"a3a7c2d4-d8f3-4c5d-99e1-b19b4fb88978", "isDeleted:":"true", "version":"1694172511984"}}
{"logTime": "1117/105756", "correlationVector":"jNwjgmxkgsFwT0VGLwRq5w.138","action":"GetUpdates Response", "result":"SERVER_MORE_TO_DOWNLOAD", "context":Received 250 update(s).  Some updates remain.}
{"logTime": "1117/105756", "correlationVector":"MF8FJTnNxN26bhPcV/B5mO","action":"Initial GetUpdates", "result":"", "context":Reason: RECONFIGURATION. cV=MF8FJTnNxN26bhPcV/B5mO}
{"logTime": "1117/105756", "correlationVector":"MF8FJTnNxN26bhPcV/B5mO.1","action":"SyncServerConnectionManagerRequest", "result":"SYNC_SERVER_OK", "context":{"environment":"Prod_SoutheastAsia_000j", "migrationStage":"NotStarted", "server":"GENERAL01000005"}}
{"logTime": "1117/105756", "correlationVector":"MF8FJTnNxN26bhPcV/B5mO.2","action":"GetUpdates", "result":"DeleteReceived", "context":{"id":"0eccaf99-2e68-4607-9d37-df3921966f37", "isDeleted:":"true", "version":"1694690559305"}}
{"logTime": "1117/105756", "correlationVector":"MF8FJTnNxN26bhPcV/B5mO.3","action":"GetUpdates", "result":"DeleteReceived", "context":{"id":"1422a8f8-2f95-4a11-8f23-b7459f71a1aa", "isDeleted:":"true", "version":"1694690559312"}}
{"logTime": "1117/105756", "correlationVector":"MF8FJTnNxN26bhPcV/B5mO.4","action":"GetUpdates", "result":"DeleteReceived", "context":{"id":"f4c142fa-9104-4190-ae66-a38524dbe729", "isDeleted:":"true", "version":"1694690561069"}}
{"logTime": "1117/105756", "correlationVector":"MF8FJTnNxN26bhPcV/B5mO.5","action":"GetUpdates", "result":"DeleteReceived", "context":{"id":"a93986f8-2c26-42d2-9936-7a03107e2a28", "isDeleted:":"true", "version":"1694690563230"}}
{"logTime": "1117/105756", "correlationVector":"MF8FJTnNxN26bhPcV/B5mO.6","action":"GetUpdates", "result":"DeleteReceived", "context":{"id":"ea61bd80-2977-4e4c-8cf5-7276120e9b39", "isDeleted:":"true", "version":"1694787857386"}}
{"logTime": "1117/105756", "correlationVector":"MF8FJTnNxN26bhPcV/B5mO.7","action":"GetUpdates", "result":"DeleteReceived", "context":{"id":"efddb272-be49-447d-a867-c4dbea514279", "isDeleted:":"true", "version":"1694787857387"}}
{"logTime": "1117/105756", "correlationVector":"MF8FJTnNxN26bhPcV/B5mO.8","action":"GetUpdates", "result":"DeleteReceived", "context":{"id":"aa38ed9c-4e3e-48df-94b2-9ada31e32a42", "isDeleted:":"true", "version":"1694787857388"}}
{"logTime": "1117/105756", "correlationVector":"MF8FJTnNxN26bhPcV/B5mO.9","action":"GetUpdates", "result":"DeleteReceived", "context":{"id":"5dcc2b1b-5717-4e70-890d-f6e7b654a8fc", "isDeleted:":"true", "version":"1694787857389"}}
{"logTime": "1117/105756", "correlationVector":"MF8FJTnNxN26bhPcV/B5mO.10","action":"GetUpdates", "result":"DeleteReceived", "context":{"id":"502cd155-b320-4864-a637-2d00c8fe5e7d", "isDeleted:":"true", "version":"1694787857394"}}
{"logTime": "1117/105756", "correlationVector":"MF8FJTnNxN26bhPcV/B5mO.11","action":"GetUpdates", "result":"DeleteReceived", "context":{"id":"7af3acd0-22db-41aa-befc-0279852434b1", "isDeleted:":"true", "version":"1694787857395"}}
{"logTime": "1117/105756", "correlationVector":"MF8FJTnNxN26bhPcV/B5mO.12","action":"GetUpdates", "result":"DeleteReceived", "context":{"id":"450e7427-846a-414d-8e96-0cb83f38ca32", "isDeleted:":"true", "version":"1694787857396"}}
{"logTime": "1117/105756", "correlationVector":"MF8FJTnNxN26bhPcV/B5mO.13","action":"GetUpdates", "result":"DeleteReceived", "context":{"id":"c04d06cf-6255-427b-b53f-fad9f4b10965", "isDeleted:":"true", "version":"1694787857397"}}
{"logTime": "1117/105756", "correlationVector":"MF8FJTnNxN26bhPcV/B5mO.14","action":"GetUpdates", "result":"DeleteReceived", "context":{"id":"e1102a8f-18c4-47b5-8019-8342d62dd2df", "isDeleted:":"true", "version":"1694787857399"}}
{"logTime": "1117/105756", "correlationVector":"MF8FJTnNxN26bhPcV/B5mO.15","action":"GetUpdates", "result":"DeleteReceived", "context":{"id":"d258ae5b-fea2-4eec-af97-dd00b335765c", "isDeleted:":"true", "version":"1694787857402"}}
{"logTime": "1117/105756", "correlationVector":"MF8FJTnNxN26bhPcV/B5mO.16","action":"GetUpdates", "result":"DeleteReceived", "context":{"id":"7b1d7df8-b74e-4f46-9d48-45f5a6c08f1b", "isDeleted:":"true", "version":"1694787859064"}}
{"logTime": "1117/105756", "correlationVector":"MF8FJTnNxN26bhPcV/B5mO.17","action":"GetUpdates", "result":"DeleteReceived", "context":{"id":"907d08d1-f8a9-4e67-ac17-2e3b7d10ee81", "isDeleted:":"true", "version":"1694787859065"}}
{"logTime": "1117/105756", "correlationVector":"MF8FJTnNxN26bhPcV/B5mO.18","action":"GetUpdates", "result":"DeleteReceived", "context":{"id":"19574ca5-e2c9-4888-ab1c-8edb977579be", "isDeleted:":"true", "version":"1694787859067"}}
{"logTime": "1117/105756", "correlationVector":"MF8FJTnNxN26bhPcV/B5mO.19","action":"GetUpdates", "result":"DeleteReceived", "context":{"id":"a642f1f7-6dcd-4726-9e76-58d1778136d8", "isDeleted:":"true", "version":"1694787859071"}}
{"logTime": "1117/105756", "correlationVector":"MF8FJTnNxN26bhPcV/B5mO.20","action":"GetUpdates", "result":"DeleteReceived", "context":{"id":"ae142fc1-c842-442e-a285-fe15d3bac8a5", "isDeleted:":"true", "version":"1694787859073"}}
{"logTime": "1117/105756", "correlationVector":"MF8FJTnNxN26bhPcV/B5mO.21","action":"GetUpdates", "result":"DeleteReceived", "context":{"id":"c6b2de2d-d84d-4be5-b160-5cf186a6375c", "isDeleted:":"true", "version":"1694793277453"}}
{"logTime": "1117/105756", "correlationVector":"MF8FJTnNxN26bhPcV/B5mO.22","action":"GetUpdates", "result":"DeleteReceived", "context":{"id":"fa12ee37-dc23-4c2e-bc25-ffffb9657ea1", "isDeleted:":"true", "version":"1694793277454"}}
{"logTime": "1117/105756", "correlationVector":"MF8FJTnNxN26bhPcV/B5mO.23","action":"GetUpdates", "result":"DeleteReceived", "context":{"id":"8effc9a2-e27b-440e-9b3f-11c1c593ada7", "isDeleted:":"true", "version":"1694793277461"}}
{"logTime": "1117/105756", "correlationVector":"MF8FJTnNxN26bhPcV/B5mO.24","action":"GetUpdates", "result":"DeleteReceived", "context":{"id":"04585652-ecb6-40dc-bbf0-c01e7abb5981", "isDeleted:":"true", "version":"1694793277462"}}
{"logTime": "1117/105756", "correlationVector":"MF8FJTnNxN26bhPcV/B5mO.25","action":"GetUpdates", "result":"DeleteReceived", "context":{"id":"935f6090-2469-4f38-8854-dac460f31cc3", "isDeleted:":"true", "version":"1694793277466"}}
{"logTime": "1117/105756", "correlationVector":"MF8FJTnNxN26bhPcV/B5mO.26","action":"GetUpdates", "result":"DeleteReceived", "context":{"id":"59f8e599-bc2a-4015-8ffe-e585aa9745c9", "isDeleted:":"true", "version":"1694793277468"}}
{"logTime": "1117/105756", "correlationVector":"MF8FJTnNxN26bhPcV/B5mO.27","action":"GetUpdates", "result":"DeleteReceived", "context":{"id":"ed04384e-751f-410d-9995-53c9bab9d9ed", "isDeleted:":"true", "version":"1694793277469"}}
{"logTime": "1117/105756", "correlationVector":"MF8FJTnNxN26bhPcV/B5mO.28","action":"GetUpdates", "result":"DeleteReceived", "context":{"id":"b90b5a34-153f-40de-8ce3-eed191648f17", "isDeleted:":"true", "version":"1694793277471"}}
{"logTime": "1117/105756", "correlationVector":"MF8FJTnNxN26bhPcV/B5mO.29","action":"GetUpdates", "result":"DeleteReceived", "context":{"id":"4dfaab1d-fd3a-4442-b130-8a1249227981", "isDeleted:":"true", "version":"1694793277472"}}
{"logTime": "1117/105756", "correlationVector":"MF8FJTnNxN26bhPcV/B5mO.30","action":"GetUpdates", "result":"DeleteReceived", "context":{"id":"0a8c6e36-3778-4afc-9f3b-762ad32db7cb", "isDeleted:":"true", "version":"1694793278977"}}
{"logTime": "1117/105756", "correlationVector":"MF8FJTnNxN26bhPcV/B5mO.31","action":"GetUpdates", "result":"DeleteReceived", "context":{"id":"b745630c-b7ac-4648-9b3d-a501aed67f59", "isDeleted:":"true", "version":"1694793278983"}}
{"logTime": "1117/105756", "correlationVector":"MF8FJTnNxN26bhPcV/B5mO.32","action":"GetUpdates", "result":"DeleteReceived", "context":{"id":"74603d4a-4ac2-4103-ab7c-c5b150254448", "isDeleted:":"true", "version":"1694793278984"}}
{"logTime": "1117/105756", "correlationVector":"MF8FJTnNxN26bhPcV/B5mO.33","action":"GetUpdates", "result":"DeleteReceived", "context":{"id":"4a47561a-fa25-4b14-9954-aed37cbe2342", "isDeleted:":"true", "version":"1694793278985"}}
{"logTime": "1117/105756", "correlationVector":"MF8FJTnNxN26bhPcV/B5mO.34","action":"GetUpdates", "result":"DeleteReceived", "context":{"id":"d58886e0-fba6-46d9-bb09-a3da5b3c2a5e", "isDeleted:":"true", "version":"1694793278987"}}
{"logTime": "1117/105756", "correlationVector":"MF8FJTnNxN26bhPcV/B5mO.35","action":"GetUpdates", "result":"DeleteReceived", "context":{"id":"c12fd5be-ac68-48d9-ac02-5161c15b3a65", "isDeleted:":"true", "version":"1694796880088"}}
{"logTime": "1117/105756", "correlationVector":"MF8FJTnNxN26bhPcV/B5mO.36","action":"GetUpdates", "result":"DeleteReceived", "context":{"id":"024217f3-7913-4da6-a7e6-d6e56bc374c4", "isDeleted:":"true", "version":"1694839177940"}}
{"logTime": "1117/105756", "correlationVector":"MF8FJTnNxN26bhPcV/B5mO.37","action":"GetUpdates", "result":"DeleteReceived", "context":{"id":"93f0996f-5350-409d-a869-a9bf7abd7526", "isDeleted:":"true", "version":"1694839177941"}}
{"logTime": "1117/105756", "correlationVector":"MF8FJTnNxN26bhPcV/B5mO.38","action":"GetUpdates", "result":"DeleteReceived", "context":{"id":"b4dbfcd0-2398-4977-93ec-7b7271fa4ec3", "isDeleted:":"true", "version":"1694839177942"}}
{"logTime": "1117/105756", "correlationVector":"MF8FJTnNxN26bhPcV/B5mO.39","action":"GetUpdates", "result":"DeleteReceived", "context":{"id":"2cdb81d4-1ae6-45f2-b24e-2b337f0c509e", "isDeleted:":"true", "version":"1694839177943"}}
{"logTime": "1117/105756", "correlationVector":"MF8FJTnNxN26bhPcV/B5mO.40","action":"GetUpdates", "result":"DeleteReceived", "context":{"id":"815ddf04-703f-4e10-abc6-7368aa122069", "isDeleted:":"true", "version":"1694839177945"}}
{"logTime": "1117/105756", "correlationVector":"MF8FJTnNxN26bhPcV/B5mO.41","action":"GetUpdates", "result":"DeleteReceived", "context":{"id":"a1caa4ad-7d4f-47c9-82d2-58b022e89d14", "isDeleted:":"true", "version":"1694839177948"}}
{"logTime": "1117/105756", "correlationVector":"MF8FJTnNxN26bhPcV/B5mO.42","action":"GetUpdates", "result":"DeleteReceived", "context":{"id":"25288f3d-d063-46e1-95cd-6f1308464a91", "isDeleted:":"true", "version":"1694839177949"}}
{"logTime": "1117/105756", "correlationVector":"MF8FJTnNxN26bhPcV/B5mO.43","action":"GetUpdates", "result":"DeleteReceived", "context":{"id":"3409b640-9075-486a-b9b2-b495fbfd94dc", "isDeleted:":"true", "version":"1694839177951"}}
{"logTime": "1117/105756", "correlationVector":"MF8FJTnNxN26bhPcV/B5mO.44","action":"GetUpdates", "result":"DeleteReceived", "context":{"id":"e8d8dc05-aafd-4643-b3a3-fde5f6cf810b", "isDeleted:":"true", "version":"1694839177953"}}
{"logTime": "1117/105756", "correlationVector":"MF8FJTnNxN26bhPcV/B5mO.45","action":"GetUpdates", "result":"DeleteReceived", "context":{"id":"41843f6b-b0b3-4832-9a91-9f5043aeb0c8", "isDeleted:":"true", "version":"1694839179476"}}
{"logTime": "1117/105757", "correlationVector":"MF8FJTnNxN26bhPcV/B5mO.46","action":"GetUpdates", "result":"DeleteReceived", "context":{"id":"f12bf520-d04f-4e8d-9e74-0de28ebd16e1", "isDeleted:":"true", "version":"1694839179477"}}
{"logTime": "1117/105757", "correlationVector":"MF8FJTnNxN26bhPcV/B5mO.47","action":"GetUpdates", "result":"DeleteReceived", "context":{"id":"97273cd3-16d4-4653-a074-b1734197c2f1", "isDeleted:":"true", "version":"1694839179479"}}
{"logTime": "1117/105757", "correlationVector":"MF8FJTnNxN26bhPcV/B5mO.48","action":"GetUpdates", "result":"DeleteReceived", "context":{"id":"b48aaa0f-37b2-40c7-9bc4-824ac8dea2e1", "isDeleted:":"true", "version":"1694839179480"}}
{"logTime": "1117/105757", "correlationVector":"MF8FJTnNxN26bhPcV/B5mO.49","action":"GetUpdates", "result":"DeleteReceived", "context":{"id":"851cc14a-4a15-4ff3-80be-25cee86a9e4b", "isDeleted:":"true", "version":"1694839179484"}}
{"logTime": "1117/105757", "correlationVector":"MF8FJTnNxN26bhPcV/B5mO.50","action":"GetUpdates", "result":"DeleteReceived", "context":{"id":"52f54274-2fe8-4aa5-b815-b3dd0be51297", "isDeleted:":"true", "version":"1694839179486"}}
{"logTime": "1117/105757", "correlationVector":"MF8FJTnNxN26bhPcV/B5mO.51","action":"GetUpdates", "result":"DeleteReceived", "context":{"id":"abaa9d82-01e5-4946-becc-08e77edaa2fd", "isDeleted:":"true", "version":"1695277567169"}}
{"logTime": "1117/105757", "correlationVector":"MF8FJTnNxN26bhPcV/B5mO.52","action":"GetUpdates", "result":"DeleteReceived", "context":{"id":"85816c76-c62a-4dc8-b775-bfdf1da8c91c", "isDeleted:":"true", "version":"1695277567170"}}
{"logTime": "1117/105757", "correlationVector":"MF8FJTnNxN26bhPcV/B5mO.53","action":"GetUpdates", "result":"DeleteReceived", "context":{"id":"99639893-7bd2-4770-bde3-912608704b3e", "isDeleted:":"true", "version":"1695277567177"}}
{"logTime": "1117/105757", "correlationVector":"MF8FJTnNxN26bhPcV/B5mO.54","action":"GetUpdates", "result":"DeleteReceived", "context":{"id":"5c5ec017-f5a7-45c8-a948-4ea29cfcc540", "isDeleted:":"true", "version":"1695277567178"}}
{"logTime": "1117/105757", "correlationVector":"MF8FJTnNxN26bhPcV/B5mO.55","action":"GetUpdates", "result":"DeleteReceived", "context":{"id":"26899fd9-28ba-4cb2-9266-e41b41ca6aa2", "isDeleted:":"true", "version":"1695277567181"}}
{"logTime": "1117/105757", "correlationVector":"MF8FJTnNxN26bhPcV/B5mO.56","action":"GetUpdates", "result":"DeleteReceived", "context":{"id":"be7acd36-ab57-43ff-bc8f-6dabda33d00f", "isDeleted:":"true", "version":"1695277568288"}}
{"logTime": "1117/105757", "correlationVector":"MF8FJTnNxN26bhPcV/B5mO.57","action":"GetUpdates", "result":"DeleteReceived", "context":{"id":"6a24a564-d6b6-41d0-905e-3bc5354ef83e", "isDeleted:":"true", "version":"1695277568290"}}
{"logTime": "1117/105757", "correlationVector":"MF8FJTnNxN26bhPcV/B5mO.58","action":"GetUpdates", "result":"DeleteReceived", "context":{"id":"db635ea0-1746-498d-97b3-d1839cf3bbe4", "isDeleted:":"true", "version":"1695277568291"}}
{"logTime": "1117/105757", "correlationVector":"MF8FJTnNxN26bhPcV/B5mO.59","action":"GetUpdates", "result":"DeleteReceived", "context":{"id":"e3a8df99-cae7-4b6c-a826-867295126370", "isDeleted:":"true", "version":"1695277568293"}}
{"logTime": "1117/105757", "correlationVector":"MF8FJTnNxN26bhPcV/B5mO.60","action":"GetUpdates", "result":"DeleteReceived", "context":{"id":"af243bd8-7fb4-441f-86cb-8770cf8a3035", "isDeleted:":"true", "version":"1695277568294"}}
{"logTime": "1117/105757", "correlationVector":"MF8FJTnNxN26bhPcV/B5mO.61","action":"GetUpdates", "result":"DeleteReceived", "context":{"id":"cb787bb5-55ae-4609-8e4c-afca4e457fbe", "isDeleted:":"true", "version":"1695277568295"}}
{"logTime": "1117/105757", "correlationVector":"MF8FJTnNxN26bhPcV/B5mO.62","action":"GetUpdates", "result":"DeleteReceived", "context":{"id":"941586e4-0341-470e-a0dc-ffcd73044014", "isDeleted:":"true", "version":"1695277568302"}}
{"logTime": "1117/105757", "correlationVector":"MF8FJTnNxN26bhPcV/B5mO.63","action":"GetUpdates", "result":"DeleteReceived", "context":{"id":"d373c273-f726-4977-9c58-8a531619f3ac", "isDeleted:":"true", "version":"1695277568303"}}
{"logTime": "1117/105757", "correlationVector":"MF8FJTnNxN26bhPcV/B5mO.64","action":"GetUpdates", "result":"DeleteReceived", "context":{"id":"02f58364-4edc-4038-896c-b5b861a37125", "isDeleted:":"true", "version":"1695277568304"}}
{"logTime": "1117/105757", "correlationVector":"MF8FJTnNxN26bhPcV/B5mO.65","action":"GetUpdates", "result":"DeleteReceived", "context":{"id":"397018c8-a6ef-49f4-80c7-f1c8fbed2ed6", "isDeleted:":"true", "version":"1695277568306"}}
{"logTime": "1117/105757", "correlationVector":"MF8FJTnNxN26bhPcV/B5mO.66","action":"GetUpdates", "result":"DeleteReceived", "context":{"id":"8797df29-aaf3-4b33-84a2-6db9a81c2db4", "isDeleted:":"true", "version":"1695277571672"}}
{"logTime": "1117/105757", "correlationVector":"MF8FJTnNxN26bhPcV/B5mO.67","action":"GetUpdates", "result":"DeleteReceived", "context":{"id":"c55ac865-cc6b-4b2e-99f3-e3c94c9e429c", "isDeleted:":"true", "version":"1695277591186"}}
{"logTime": "1117/105757", "correlationVector":"MF8FJTnNxN26bhPcV/B5mO.68","action":"GetUpdates", "result":"DeleteReceived", "context":{"id":"a90f9acf-2d67-484b-9b26-e8067ee97be5", "isDeleted:":"true", "version":"1695281750241"}}
{"logTime": "1117/105757", "correlationVector":"MF8FJTnNxN26bhPcV/B5mO.69","action":"GetUpdates", "result":"DeleteReceived", "context":{"id":"021dfa3a-dea0-46da-bdc4-e1ec2e7b4277", "isDeleted:":"true", "version":"1695301639044"}}
{"logTime": "1117/105757", "correlationVector":"MF8FJTnNxN26bhPcV/B5mO.70","action":"GetUpdates", "result":"DeleteReceived", "context":{"id":"50328b1b-0f9c-46c5-b18c-86a6893722ea", "isDeleted:":"true", "version":"1695348083699"}}
{"logTime": "1117/105757", "correlationVector":"MF8FJTnNxN26bhPcV/B5mO.71","action":"GetUpdates", "result":"DeleteReceived", "context":{"id":"69e7ef0f-3ef8-452f-80eb-40f4b2f31b26", "isDeleted:":"true", "version":"1695348083700"}}
{"logTime": "1117/105757", "correlationVector":"MF8FJTnNxN26bhPcV/B5mO.72","action":"GetUpdates", "result":"DeleteReceived", "context":{"id":"782624cb-a76a-4c59-b94f-649207b12987", "isDeleted:":"true", "version":"1695348083701"}}
{"logTime": "1117/105757", "correlationVector":"MF8FJTnNxN26bhPcV/B5mO.73","action":"GetUpdates", "result":"DeleteReceived", "context":{"id":"d4d57fce-c569-47a8-b0e3-a7d52c9bc637", "isDeleted:":"true", "version":"1695348083706"}}
{"logTime": "1117/105757", "correlationVector":"MF8FJTnNxN26bhPcV/B5mO.74","action":"GetUpdates", "result":"DeleteReceived", "context":{"id":"ccde065d-c586-42c3-bba1-55581d2a5477", "isDeleted:":"true", "version":"1695348083707"}}
{"logTime": "1117/105757", "correlationVector":"MF8FJTnNxN26bhPcV/B5mO.75","action":"GetUpdates", "result":"DeleteReceived", "context":{"id":"02717e95-04d2-4e7e-9731-250df1987e3b", "isDeleted:":"true", "version":"1695348083708"}}
{"logTime": "1117/105757", "correlationVector":"MF8FJTnNxN26bhPcV/B5mO.76","action":"GetUpdates", "result":"DeleteReceived", "context":{"id":"acc13d8c-2beb-40a8-8852-b5258aba458c", "isDeleted:":"true", "version":"1695348083709"}}
{"logTime": "1117/105757", "correlationVector":"MF8FJTnNxN26bhPcV/B5mO.77","action":"GetUpdates", "result":"DeleteReceived", "context":{"id":"4ef4d621-f7dd-4d92-9874-ebbbfc7b5ef6", "isDeleted:":"true", "version":"1695348083711"}}
{"logTime": "1117/105757", "correlationVector":"MF8FJTnNxN26bhPcV/B5mO.78","action":"GetUpdates", "result":"DeleteReceived", "context":{"id":"aa6897e4-6708-4145-9c20-202fa470c45e", "isDeleted:":"true", "version":"1695348083712"}}
{"logTime": "1117/105757", "correlationVector":"MF8FJTnNxN26bhPcV/B5mO.79","action":"GetUpdates", "result":"DeleteReceived", "context":{"id":"642616f2-f101-4348-93ef-7f21d48d3375", "isDeleted:":"true", "version":"1695348083714"}}
{"logTime": "1117/105757", "correlationVector":"MF8FJTnNxN26bhPcV/B5mO.80","action":"GetUpdates", "result":"DeleteReceived", "context":{"id":"c27f1188-05d5-4efb-b5e2-57a3ed1a4ab9", "isDeleted:":"true", "version":"1695348085402"}}
{"logTime": "1117/105757", "correlationVector":"MF8FJTnNxN26bhPcV/B5mO.81","action":"GetUpdates", "result":"DeleteReceived", "context":{"id":"4490467c-6383-4ce5-9826-9c95d7963c7d", "isDeleted:":"true", "version":"1695348085403"}}
{"logTime": "1117/105757", "correlationVector":"MF8FJTnNxN26bhPcV/B5mO.82","action":"GetUpdates", "result":"DeleteReceived", "context":{"id":"b7837bf9-c29b-4e5a-85f1-6c9301e49629", "isDeleted:":"true", "version":"1695348085406"}}
{"logTime": "1117/105757", "correlationVector":"MF8FJTnNxN26bhPcV/B5mO.83","action":"GetUpdates", "result":"DeleteReceived", "context":{"id":"11d59978-4ba1-4da2-93c6-b0e9dcd73361", "isDeleted:":"true", "version":"1695348085411"}}
{"logTime": "1117/105757", "correlationVector":"MF8FJTnNxN26bhPcV/B5mO.84","action":"GetUpdates", "result":"DeleteReceived", "context":{"id":"0d04d26b-33a7-46b0-80a3-47e5ce385cc2", "isDeleted:":"true", "version":"1695348085412"}}
{"logTime": "1117/105757", "correlationVector":"MF8FJTnNxN26bhPcV/B5mO.85","action":"GetUpdates", "result":"DeleteReceived", "context":{"id":"20498d18-2987-4bc9-a32f-0d25c45cd387", "isDeleted:":"true", "version":"1695348085414"}}
{"logTime": "1117/105757", "correlationVector":"MF8FJTnNxN26bhPcV/B5mO.86","action":"GetUpdates", "result":"DeleteReceived", "context":{"id":"845330fd-0875-4703-842c-8f58dc4a6684", "isDeleted:":"true", "version":"1695351212930"}}
{"logTime": "1117/105757", "correlationVector":"MF8FJTnNxN26bhPcV/B5mO.87","action":"GetUpdates", "result":"DeleteReceived", "context":{"id":"33387fe9-1c55-49db-b252-0c5910aaf0f4", "isDeleted:":"true", "version":"1695351212931"}}
{"logTime": "1117/105757", "correlationVector":"MF8FJTnNxN26bhPcV/B5mO.88","action":"GetUpdates", "result":"DeleteReceived", "context":{"id":"446bcef2-a7c1-4300-9f6b-b32ee5ec32aa", "isDeleted:":"true", "version":"1695351212932"}}
{"logTime": "1117/105757", "correlationVector":"MF8FJTnNxN26bhPcV/B5mO.89","action":"GetUpdates", "result":"DeleteReceived", "context":{"id":"599049bf-aa05-4c6c-81b2-075595360d02", "isDeleted:":"true", "version":"1695351212937"}}
{"logTime": "1117/105757", "correlationVector":"MF8FJTnNxN26bhPcV/B5mO.90","action":"GetUpdates", "result":"DeleteReceived", "context":{"id":"86264d9b-8660-4ee1-b5d9-8b182d9bc819", "isDeleted:":"true", "version":"1695351212938"}}
{"logTime": "1117/105757", "correlationVector":"MF8FJTnNxN26bhPcV/B5mO.91","action":"GetUpdates", "result":"DeleteReceived", "context":{"id":"c352225f-574d-48f2-aa5c-1741bcd7223e", "isDeleted:":"true", "version":"1695351212939"}}
{"logTime": "1117/105757", "correlationVector":"MF8FJTnNxN26bhPcV/B5mO.92","action":"GetUpdates", "result":"DeleteReceived", "context":{"id":"b0282e6f-34d0-4a84-a490-bd5079367bb6", "isDeleted:":"true", "version":"1695351212944"}}
{"logTime": "1117/105757", "correlationVector":"MF8FJTnNxN26bhPcV/B5mO.93","action":"GetUpdates", "result":"DeleteReceived", "context":{"id":"9052d469-c411-470b-bdb9-36a21c05a16f", "isDeleted:":"true", "version":"1695351212947"}}
{"logTime": "1117/105757", "correlationVector":"MF8FJTnNxN26bhPcV/B5mO.94","action":"GetUpdates", "result":"DeleteReceived", "context":{"id":"af3f0f37-7728-412a-a7de-00790edc62f1", "isDeleted:":"true", "version":"1695351212949"}}
{"logTime": "1117/105757", "correlationVector":"MF8FJTnNxN26bhPcV/B5mO.95","action":"GetUpdates", "result":"DeleteReceived", "context":{"id":"2ec5f6c8-267a-409c-b65c-0e67dd2b5e60", "isDeleted:":"true", "version":"1695351214319"}}
{"logTime": "1117/105757", "correlationVector":"MF8FJTnNxN26bhPcV/B5mO.96","action":"GetUpdates", "result":"DeleteReceived", "context":{"id":"d5be750e-878c-4243-bde2-5a86aa295daa", "isDeleted:":"true", "version":"1695351214320"}}
{"logTime": "1117/105757", "correlationVector":"MF8FJTnNxN26bhPcV/B5mO.97","action":"GetUpdates", "result":"DeleteReceived", "context":{"id":"dcfdb22d-62be-4255-a2bd-e585d240891e", "isDeleted:":"true", "version":"1695351214324"}}
{"logTime": "1117/105757", "correlationVector":"MF8FJTnNxN26bhPcV/B5mO.98","action":"GetUpdates", "result":"DeleteReceived", "context":{"id":"763da85d-f9be-45e3-a635-12593091c1ea", "isDeleted:":"true", "version":"1695351214327"}}
{"logTime": "1117/105757", "correlationVector":"MF8FJTnNxN26bhPcV/B5mO.99","action":"GetUpdates", "result":"DeleteReceived", "context":{"id":"a7785a97-8631-44d8-aae1-589333b1e40c", "isDeleted:":"true", "version":"1695351214328"}}
{"logTime": "1117/105757", "correlationVector":"MF8FJTnNxN26bhPcV/B5mO.100","action":"GetUpdates", "result":"DeleteReceived", "context":{"id":"20abcf87-b743-4011-ac84-d6813a8847f4", "isDeleted:":"true", "version":"1695351214329"}}
{"logTime": "1117/105757", "correlationVector":"MF8FJTnNxN26bhPcV/B5mO.101","action":"GetUpdates", "result":"DeleteReceived", "context":{"id":"70efbb1d-9893-497a-8a00-bcaff1188da0", "isDeleted:":"true", "version":"1695351214330"}}
{"logTime": "1117/105757", "correlationVector":"MF8FJTnNxN26bhPcV/B5mO.102","action":"GetUpdates", "result":"DeleteReceived", "context":{"id":"505beaa0-90f3-489d-b7d8-c1c682dd9975", "isDeleted:":"true", "version":"1695351214333"}}
{"logTime": "1117/105757", "correlationVector":"MF8FJTnNxN26bhPcV/B5mO.103","action":"GetUpdates", "result":"DeleteReceived", "context":{"id":"21107204-a04a-4a7a-b586-55e400662381", "isDeleted:":"true", "version":"1695351226610"}}
{"logTime": "1117/105757", "correlationVector":"MF8FJTnNxN26bhPcV/B5mO.104","action":"GetUpdates", "result":"DeleteReceived", "context":{"id":"6e29bdfa-18a0-4245-bcac-572a75435d30", "isDeleted:":"true", "version":"1695351689315"}}
{"logTime": "1117/105757", "correlationVector":"MF8FJTnNxN26bhPcV/B5mO.105","action":"GetUpdates", "result":"DeleteReceived", "context":{"id":"d3feccfe-ada0-4995-b28a-d4ab2c699077", "isDeleted:":"true", "version":"1695351689316"}}
{"logTime": "1117/105757", "correlationVector":"MF8FJTnNxN26bhPcV/B5mO.106","action":"GetUpdates", "result":"DeleteReceived", "context":{"id":"b7f86efc-917a-4dc9-978c-cd2ae3cdc260", "isDeleted:":"true", "version":"1695351689317"}}
{"logTime": "1117/105757", "correlationVector":"MF8FJTnNxN26bhPcV/B5mO.107","action":"GetUpdates", "result":"DeleteReceived", "context":{"id":"2f73540a-0aaf-4438-8975-3d8f0b87da38", "isDeleted:":"true", "version":"1695351689318"}}
{"logTime": "1117/105757", "correlationVector":"MF8FJTnNxN26bhPcV/B5mO.108","action":"GetUpdates", "result":"DeleteReceived", "context":{"id":"7ca0931c-6a24-4c4f-86f1-fc9b3c28d2b7", "isDeleted:":"true", "version":"1695351689322"}}
{"logTime": "1117/105757", "correlationVector":"MF8FJTnNxN26bhPcV/B5mO.109","action":"GetUpdates", "result":"DeleteReceived", "context":{"id":"c75c2bae-4272-44eb-9e1a-586561e57ff6", "isDeleted:":"true", "version":"1695351689323"}}
{"logTime": "1117/105757", "correlationVector":"MF8FJTnNxN26bhPcV/B5mO.110","action":"GetUpdates", "result":"DeleteReceived", "context":{"id":"e379b3cc-e560-4e5e-ba12-a76bcdbf7ef1", "isDeleted:":"true", "version":"1695351689324"}}
{"logTime": "1117/105757", "correlationVector":"MF8FJTnNxN26bhPcV/B5mO.111","action":"GetUpdates", "result":"DeleteReceived", "context":{"id":"22cfe5c9-7ce3-47a0-bd26-7e5b21b155cb", "isDeleted:":"true", "version":"1695351689325"}}
{"logTime": "1117/105757", "correlationVector":"MF8FJTnNxN26bhPcV/B5mO.112","action":"GetUpdates", "result":"DeleteReceived", "context":{"id":"78f04655-c291-468b-8f62-5b17403529f0", "isDeleted:":"true", "version":"1695351689327"}}
{"logTime": "1117/105757", "correlationVector":"MF8FJTnNxN26bhPcV/B5mO.113","action":"GetUpdates", "result":"DeleteReceived", "context":{"id":"0b374c68-9690-4b05-b18b-016ca3ebd964", "isDeleted:":"true", "version":"1695351689328"}}
{"logTime": "1117/105757", "correlationVector":"MF8FJTnNxN26bhPcV/B5mO.114","action":"GetUpdates", "result":"DeleteReceived", "context":{"id":"4a7558ca-a39d-432d-875e-31e05e7b153c", "isDeleted:":"true", "version":"1695351689330"}}
{"logTime": "1117/105757", "correlationVector":"MF8FJTnNxN26bhPcV/B5mO.115","action":"GetUpdates", "result":"DeleteReceived", "context":{"id":"fd420a5e-c29a-4eeb-848b-384ac0914adc", "isDeleted:":"true", "version":"1695351690797"}}
{"logTime": "1117/105757", "correlationVector":"MF8FJTnNxN26bhPcV/B5mO.116","action":"GetUpdates", "result":"DeleteReceived", "context":{"id":"99ce228c-9886-4e32-a216-2dc091ec2a2a", "isDeleted:":"true", "version":"1695351690798"}}
{"logTime": "1117/105757", "correlationVector":"MF8FJTnNxN26bhPcV/B5mO.117","action":"GetUpdates", "result":"DeleteReceived", "context":{"id":"bcb699b0-2bc1-44ad-9812-8bf66af7cf8d", "isDeleted:":"true", "version":"1695351690803"}}
{"logTime": "1117/105757", "correlationVector":"MF8FJTnNxN26bhPcV/B5mO.118","action":"GetUpdates", "result":"DeleteReceived", "context":{"id":"84a7c4bf-5ecb-4f84-816a-7c51d0f9f213", "isDeleted:":"true", "version":"1695351690808"}}
{"logTime": "1117/105757", "correlationVector":"MF8FJTnNxN26bhPcV/B5mO.119","action":"GetUpdates", "result":"DeleteReceived", "context":{"id":"a9f37cf1-44e3-4322-af19-ed9fa62d15cc", "isDeleted:":"true", "version":"1695351690809"}}
{"logTime": "1117/105757", "correlationVector":"MF8FJTnNxN26bhPcV/B5mO.120","action":"GetUpdates", "result":"DeleteReceived", "context":{"id":"cfd5a641-f73e-453e-aa63-1728c47ae533", "isDeleted:":"true", "version":"1695351690811"}}
{"logTime": "1117/105757", "correlationVector":"MF8FJTnNxN26bhPcV/B5mO.121","action":"GetUpdates", "result":"DeleteReceived", "context":{"id":"5965d9ec-8590-49cd-8b1e-37c1e4549bbc", "isDeleted:":"true", "version":"1695358187602"}}
{"logTime": "1117/105757", "correlationVector":"MF8FJTnNxN26bhPcV/B5mO.122","action":"GetUpdates", "result":"DeleteReceived", "context":{"id":"0fcc2159-058f-4274-b4b1-f7c7f719a75c", "isDeleted:":"true", "version":"1695358187603"}}
{"logTime": "1117/105757", "correlationVector":"MF8FJTnNxN26bhPcV/B5mO.123","action":"GetUpdates", "result":"DeleteReceived", "context":{"id":"0e325c82-3aa1-44a5-bd2c-fc1f47206913", "isDeleted:":"true", "version":"1695358187604"}}
{"logTime": "1117/105757", "correlationVector":"MF8FJTnNxN26bhPcV/B5mO.124","action":"GetUpdates", "result":"DeleteReceived", "context":{"id":"d3dd6538-ff3d-44d2-a5f4-ddee5beb790f", "isDeleted:":"true", "version":"1695358187609"}}
{"logTime": "1117/105757", "correlationVector":"MF8FJTnNxN26bhPcV/B5mO.125","action":"GetUpdates", "result":"DeleteReceived", "context":{"id":"aa223caf-1428-46b4-accd-60cc3011b879", "isDeleted:":"true", "version":"1695358187610"}}
{"logTime": "1117/105757", "correlationVector":"MF8FJTnNxN26bhPcV/B5mO.126","action":"GetUpdates", "result":"DeleteReceived", "context":{"id":"9d52fe46-c37d-4537-99cf-5fecd108100e", "isDeleted:":"true", "version":"1695358187611"}}
{"logTime": "1117/105757", "correlationVector":"MF8FJTnNxN26bhPcV/B5mO.127","action":"GetUpdates", "result":"DeleteReceived", "context":{"id":"b9ed172a-a624-40e6-b613-4cc6ebbaf8cb", "isDeleted:":"true", "version":"1695358187616"}}
{"logTime": "1117/105757", "correlationVector":"MF8FJTnNxN26bhPcV/B5mO.128","action":"GetUpdates", "result":"DeleteReceived", "context":{"id":"f461c68f-4cb2-4b67-978c-3386cc1066b0", "isDeleted:":"true", "version":"1695358187619"}}
{"logTime": "1117/105757", "correlationVector":"MF8FJTnNxN26bhPcV/B5mO.129","action":"GetUpdates", "result":"DeleteReceived", "context":{"id":"397747c7-faa4-4b84-9897-f9b1df7e070f", "isDeleted:":"true", "version":"1695358187621"}}
{"logTime": "1117/105757", "correlationVector":"MF8FJTnNxN26bhPcV/B5mO.130","action":"GetUpdates", "result":"DeleteReceived", "context":{"id":"9c914444-e113-45a5-8ac5-65c38eb6c848", "isDeleted:":"true", "version":"1695358189018"}}
{"logTime": "1117/105757", "correlationVector":"MF8FJTnNxN26bhPcV/B5mO.131","action":"GetUpdates", "result":"DeleteReceived", "context":{"id":"824798f8-d192-44db-a8fa-c3ceee64db4c", "isDeleted:":"true", "version":"1695358189019"}}
{"logTime": "1117/105757", "correlationVector":"MF8FJTnNxN26bhPcV/B5mO.132","action":"GetUpdates", "result":"DeleteReceived", "context":{"id":"a6c54c57-ed48-48e3-bee5-f0edc139fa9c", "isDeleted:":"true", "version":"1695358189022"}}
{"logTime": "1117/105757", "correlationVector":"MF8FJTnNxN26bhPcV/B5mO.133","action":"GetUpdates", "result":"DeleteReceived", "context":{"id":"2dea9f59-a467-4d08-9aa8-4b74b8181919", "isDeleted:":"true", "version":"1695358189023"}}
{"logTime": "1117/105757", "correlationVector":"MF8FJTnNxN26bhPcV/B5mO.134","action":"GetUpdates", "result":"DeleteReceived", "context":{"id":"ccdad95f-579c-4953-9c72-9d142982a6e3", "isDeleted:":"true", "version":"1695358189024"}}
{"logTime": "1117/105757", "correlationVector":"MF8FJTnNxN26bhPcV/B5mO.135","action":"GetUpdates", "result":"DeleteReceived", "context":{"id":"ee811ff7-a430-43c1-b9e4-c42e408a23fd", "isDeleted:":"true", "version":"1695358189027"}}
{"logTime": "1117/105757", "correlationVector":"MF8FJTnNxN26bhPcV/B5mO.136","action":"GetUpdates", "result":"DeleteReceived", "context":{"id":"a2f8b6c5-5b85-41c0-a5db-c2406b4af74f", "isDeleted:":"true", "version":"1695358189028"}}
{"logTime": "1117/105757", "correlationVector":"MF8FJTnNxN26bhPcV/B5mO.137","action":"GetUpdates", "result":"DeleteReceived", "context":{"id":"6c6ee159-1937-4c0a-a127-0aafed4563ca", "isDeleted:":"true", "version":"1695358189029"}}
{"logTime": "1117/105757", "correlationVector":"MF8FJTnNxN26bhPcV/B5mO.138","action":"GetUpdates", "result":"DeleteReceived", "context":{"id":"1ae225cf-0fd0-42fb-a6ea-5c5477da940d", "isDeleted:":"true", "version":"1695358189033"}}
{"logTime": "1117/105757", "correlationVector":"MF8FJTnNxN26bhPcV/B5mO.139","action":"GetUpdates", "result":"DeleteReceived", "context":{"id":"a3c23533-83af-41e1-b3fa-483bdfe8d37c", "isDeleted:":"true", "version":"1695368168168"}}
{"logTime": "1117/105757", "correlationVector":"MF8FJTnNxN26bhPcV/B5mO.140","action":"GetUpdates", "result":"DeleteReceived", "context":{"id":"d6b0fd59-ffc7-4c87-95de-ad4f7bc563e8", "isDeleted:":"true", "version":"1695368168169"}}
{"logTime": "1117/105757", "correlationVector":"MF8FJTnNxN26bhPcV/B5mO.141","action":"GetUpdates", "result":"DeleteReceived", "context":{"id":"90a1e0d7-10a3-440e-bcbe-c5a580246cb6", "isDeleted:":"true", "version":"1695368168170"}}
{"logTime": "1117/105757", "correlationVector":"MF8FJTnNxN26bhPcV/B5mO.142","action":"GetUpdates", "result":"DeleteReceived", "context":{"id":"c225034f-b13f-430d-bca0-25c2cf0549f5", "isDeleted:":"true", "version":"1695368168171"}}
{"logTime": "1117/105757", "correlationVector":"MF8FJTnNxN26bhPcV/B5mO.143","action":"GetUpdates", "result":"DeleteReceived", "context":{"id":"fff0e7df-fe7f-4abe-a76f-9f12159e0799", "isDeleted:":"true", "version":"1695368168175"}}
{"logTime": "1117/105757", "correlationVector":"MF8FJTnNxN26bhPcV/B5mO.144","action":"GetUpdates", "result":"DeleteReceived", "context":{"id":"faea71aa-cd92-4629-903f-dd0b3f14447e", "isDeleted:":"true", "version":"1695368168176"}}
{"logTime": "1117/105757", "correlationVector":"MF8FJTnNxN26bhPcV/B5mO.145","action":"GetUpdates", "result":"DeleteReceived", "context":{"id":"562f95d0-4e25-4fd0-a84d-a0989e7f37d1", "isDeleted:":"true", "version":"1695368168177"}}
{"logTime": "1117/105757", "correlationVector":"MF8FJTnNxN26bhPcV/B5mO.146","action":"GetUpdates", "result":"DeleteReceived", "context":{"id":"9ef7b62a-24f7-4ba7-9930-6e9ddab6d19b", "isDeleted:":"true", "version":"1695368168178"}}
{"logTime": "1117/105757", "correlationVector":"MF8FJTnNxN26bhPcV/B5mO.147","action":"GetUpdates", "result":"DeleteReceived", "context":{"id":"58e3321e-5ce5-433d-a9bc-f43a1c7315d8", "isDeleted:":"true", "version":"1695368168180"}}
{"logTime": "1117/105757", "correlationVector":"MF8FJTnNxN26bhPcV/B5mO.148","action":"GetUpdates", "result":"DeleteReceived", "context":{"id":"5d778eb6-294f-4542-aa88-a964a6a99b8d", "isDeleted:":"true", "version":"1695368168181"}}
{"logTime": "1117/105757", "correlationVector":"MF8FJTnNxN26bhPcV/B5mO.149","action":"GetUpdates", "result":"DeleteReceived", "context":{"id":"80bd1884-c1d6-443e-8c2a-4ad1cb2ec6fa", "isDeleted:":"true", "version":"1695368168183"}}
{"logTime": "1117/105757", "correlationVector":"MF8FJTnNxN26bhPcV/B5mO.150","action":"GetUpdates", "result":"DeleteReceived", "context":{"id":"cf2d50cf-69a3-403c-80e5-6d359f42e4cd", "isDeleted:":"true", "version":"1695368169612"}}
{"logTime": "1117/105757", "correlationVector":"MF8FJTnNxN26bhPcV/B5mO.151","action":"GetUpdates", "result":"DeleteReceived", "context":{"id":"d59c95e5-9882-4b3c-8323-ec213f071caa", "isDeleted:":"true", "version":"1695368169616"}}
{"logTime": "1117/105757", "correlationVector":"MF8FJTnNxN26bhPcV/B5mO.152","action":"GetUpdates", "result":"DeleteReceived", "context":{"id":"891c4956-3ce9-4a35-b30f-0829e00f9570", "isDeleted:":"true", "version":"1695368169620"}}
{"logTime": "1117/105757", "correlationVector":"MF8FJTnNxN26bhPcV/B5mO.153","action":"GetUpdates", "result":"DeleteReceived", "context":{"id":"cb325578-00cf-4e67-96b8-8830611d7be0", "isDeleted:":"true", "version":"1695368169621"}}
{"logTime": "1117/105757", "correlationVector":"MF8FJTnNxN26bhPcV/B5mO.154","action":"GetUpdates", "result":"DeleteReceived", "context":{"id":"4430e23a-138c-491d-b179-a9794a2e5313", "isDeleted:":"true", "version":"1695368169622"}}
{"logTime": "1117/105757", "correlationVector":"MF8FJTnNxN26bhPcV/B5mO.155","action":"GetUpdates", "result":"DeleteReceived", "context":{"id":"3f98e105-7917-45ef-aaee-638b2e26f614", "isDeleted:":"true", "version":"1695368169624"}}
{"logTime": "1117/105757", "correlationVector":"MF8FJTnNxN26bhPcV/B5mO.156","action":"GetUpdates", "result":"DeleteReceived", "context":{"id":"1f1418c5-92c0-42c3-a2dc-60451539f523", "isDeleted:":"true", "version":"1695371770620"}}
{"logTime": "1117/105757", "correlationVector":"MF8FJTnNxN26bhPcV/B5mO.157","action":"GetUpdates", "result":"DeleteReceived", "context":{"id":"93cfc173-53f4-410f-b45c-934b21ab586f", "isDeleted:":"true", "version":"1695371770621"}}
{"logTime": "1117/105757", "correlationVector":"MF8FJTnNxN26bhPcV/B5mO.158","action":"GetUpdates", "result":"DeleteReceived", "context":{"id":"81af3f36-2f8e-4789-baea-714d65803fcf", "isDeleted:":"true", "version":"1695371770623"}}
{"logTime": "1117/105757", "correlationVector":"MF8FJTnNxN26bhPcV/B5mO.159","action":"GetUpdates", "result":"DeleteReceived", "context":{"id":"f9ec291f-5d21-4d63-902f-c17bd18059cd", "isDeleted:":"true", "version":"1695429889225"}}
{"logTime": "1117/105757", "correlationVector":"MF8FJTnNxN26bhPcV/B5mO.160","action":"GetUpdates", "result":"DeleteReceived", "context":{"id":"76e8ee80-454b-48c6-84e1-65720b06f31b", "isDeleted:":"true", "version":"1695429889226"}}
{"logTime": "1117/105757", "correlationVector":"MF8FJTnNxN26bhPcV/B5mO.161","action":"GetUpdates", "result":"DeleteReceived", "context":{"id":"3264ddcd-84ff-4dd6-9535-0bec54ab5981", "isDeleted:":"true", "version":"1695429889227"}}
{"logTime": "1117/105757", "correlationVector":"MF8FJTnNxN26bhPcV/B5mO.162","action":"GetUpdates", "result":"DeleteReceived", "context":{"id":"12bb707a-b1fc-4eca-87fe-9ecf54445cdb", "isDeleted:":"true", "version":"1695429889228"}}
{"logTime": "1117/105757", "correlationVector":"MF8FJTnNxN26bhPcV/B5mO.163","action":"GetUpdates", "result":"DeleteReceived", "context":{"id":"9e1f7edb-d68f-470f-a5e2-9eb5e5da41a4", "isDeleted:":"true", "version":"1695429889229"}}
{"logTime": "1117/105757", "correlationVector":"MF8FJTnNxN26bhPcV/B5mO.164","action":"GetUpdates", "result":"DeleteReceived", "context":{"id":"d245a7fd-9a18-483d-ab73-837315b43a3d", "isDeleted:":"true", "version":"1695429889230"}}
{"logTime": "1117/105757", "correlationVector":"MF8FJTnNxN26bhPcV/B5mO.165","action":"GetUpdates", "result":"DeleteReceived", "context":{"id":"d7030164-92bd-4cd8-b8d9-c1616c5f76fe", "isDeleted:":"true", "version":"1695429889231"}}
{"logTime": "1117/105757", "correlationVector":"MF8FJTnNxN26bhPcV/B5mO.166","action":"GetUpdates", "result":"DeleteReceived", "context":{"id":"60391f5c-611e-4c14-9001-8c4bf539f6f2", "isDeleted:":"true", "version":"1695429889232"}}
{"logTime": "1117/105757", "correlationVector":"MF8FJTnNxN26bhPcV/B5mO.167","action":"GetUpdates", "result":"DeleteReceived", "context":{"id":"0d19834d-4b57-4479-9fa6-ed81919bf910", "isDeleted:":"true", "version":"1695429889233"}}
{"logTime": "1117/105757", "correlationVector":"MF8FJTnNxN26bhPcV/B5mO.168","action":"GetUpdates", "result":"DeleteReceived", "context":{"id":"e07ad308-1490-4e5a-bc8b-715cc28cc84d", "isDeleted:":"true", "version":"1695429889234"}}
{"logTime": "1117/105757", "correlationVector":"MF8FJTnNxN26bhPcV/B5mO.169","action":"GetUpdates", "result":"DeleteReceived", "context":{"id":"6fd1db0f-4c5d-4a96-b56e-0aa6d1f5cbfd", "isDeleted:":"true", "version":"1695429889235"}}
{"logTime": "1117/105757", "correlationVector":"MF8FJTnNxN26bhPcV/B5mO.170","action":"GetUpdates", "result":"DeleteReceived", "context":{"id":"49fa51ed-2cb1-46b1-8845-f0a35fbfa0f3", "isDeleted:":"true", "version":"1695429889236"}}
{"logTime": "1117/105757", "correlationVector":"MF8FJTnNxN26bhPcV/B5mO.171","action":"GetUpdates", "result":"DeleteReceived", "context":{"id":"8a8feabb-a4f4-4bd0-81ad-c0922cb88973", "isDeleted:":"true", "version":"1695429889237"}}
{"logTime": "1117/105757", "correlationVector":"MF8FJTnNxN26bhPcV/B5mO.172","action":"GetUpdates", "result":"DeleteReceived", "context":{"id":"43b026e8-f267-4acd-8483-a34ac3af7462", "isDeleted:":"true", "version":"1695429889238"}}
{"logTime": "1117/105757", "correlationVector":"MF8FJTnNxN26bhPcV/B5mO.173","action":"GetUpdates", "result":"DeleteReceived", "context":{"id":"728b69c2-96ba-41ef-9e05-cd8bdd1c300c", "isDeleted:":"true", "version":"1695429889240"}}
{"logTime": "1117/105757", "correlationVector":"MF8FJTnNxN26bhPcV/B5mO.174","action":"GetUpdates", "result":"DeleteReceived", "context":{"id":"ceed3e96-0b6a-403a-98d6-2816c15128a9", "isDeleted:":"true", "version":"1695429889241"}}
{"logTime": "1117/105757", "correlationVector":"MF8FJTnNxN26bhPcV/B5mO.175","action":"GetUpdates", "result":"DeleteReceived", "context":{"id":"612c8454-b8e6-4cc1-afd0-9776ad296a97", "isDeleted:":"true", "version":"1695429889242"}}
{"logTime": "1117/105757", "correlationVector":"MF8FJTnNxN26bhPcV/B5mO.176","action":"GetUpdates", "result":"DeleteReceived", "context":{"id":"e9fb33e6-fa54-4a44-b80d-6f0355f30c7e", "isDeleted:":"true", "version":"1695434699169"}}
{"logTime": "1117/105757", "correlationVector":"MF8FJTnNxN26bhPcV/B5mO.177","action":"GetUpdates", "result":"DeleteReceived", "context":{"id":"ee7543f3-c790-478d-8c00-aa1b880715aa", "isDeleted:":"true", "version":"1695434699174"}}
{"logTime": "1117/105757", "correlationVector":"MF8FJTnNxN26bhPcV/B5mO.178","action":"GetUpdates", "result":"DeleteReceived", "context":{"id":"dbc01b4a-204a-45ab-aa73-3db9ffb6607f", "isDeleted:":"true", "version":"1695434699177"}}
{"logTime": "1117/105757", "correlationVector":"MF8FJTnNxN26bhPcV/B5mO.179","action":"GetUpdates", "result":"DeleteReceived", "context":{"id":"d28ad04c-ef12-45e2-a725-7531c6a49486", "isDeleted:":"true", "version":"1695434699178"}}
{"logTime": "1117/105757", "correlationVector":"MF8FJTnNxN26bhPcV/B5mO.180","action":"GetUpdates", "result":"DeleteReceived", "context":{"id":"9d042f30-5074-4774-87d3-8ed3ca528371", "isDeleted:":"true", "version":"1695434699180"}}
{"logTime": "1117/105757", "correlationVector":"MF8FJTnNxN26bhPcV/B5mO.181","action":"GetUpdates", "result":"DeleteReceived", "context":{"id":"03056f27-ede3-49d8-b990-3f1f3b65ed0c", "isDeleted:":"true", "version":"1695434699181"}}
{"logTime": "1117/105757", "correlationVector":"MF8FJTnNxN26bhPcV/B5mO.182","action":"GetUpdates", "result":"DeleteReceived", "context":{"id":"902d0320-2c33-402a-9486-562b5c924d24", "isDeleted:":"true", "version":"1695434699183"}}
{"logTime": "1117/105757", "correlationVector":"MF8FJTnNxN26bhPcV/B5mO.183","action":"GetUpdates", "result":"DeleteReceived", "context":{"id":"c06350ae-8c66-4999-b2c2-d58137788873", "isDeleted:":"true", "version":"1695434699184"}}
{"logTime": "1117/105757", "correlationVector":"MF8FJTnNxN26bhPcV/B5mO.184","action":"GetUpdates", "result":"DeleteReceived", "context":{"id":"1cd8307d-984c-4c28-956f-e57844f96ba2", "isDeleted:":"true", "version":"1695434699185"}}
{"logTime": "1117/105757", "correlationVector":"MF8FJTnNxN26bhPcV/B5mO.185","action":"GetUpdates", "result":"DeleteReceived", "context":{"id":"7d56589e-5493-415e-82de-56c98a23c55c", "isDeleted:":"true", "version":"1695434699186"}}
{"logTime": "1117/105757", "correlationVector":"MF8FJTnNxN26bhPcV/B5mO.186","action":"GetUpdates", "result":"DeleteReceived", "context":{"id":"f93a85a4-22bf-44f7-b7ff-49cd2eb3c3c0", "isDeleted:":"true", "version":"1695434700608"}}
{"logTime": "1117/105757", "correlationVector":"MF8FJTnNxN26bhPcV/B5mO.187","action":"GetUpdates", "result":"DeleteReceived", "context":{"id":"02331e34-c5ef-4be8-b3ce-08cc4692b2fa", "isDeleted:":"true", "version":"1695434700610"}}
{"logTime": "1117/105757", "correlationVector":"MF8FJTnNxN26bhPcV/B5mO.188","action":"GetUpdates", "result":"DeleteReceived", "context":{"id":"da277790-5b42-42fc-82eb-de2f4d98c6b7", "isDeleted:":"true", "version":"1695434700618"}}
{"logTime": "1117/105757", "correlationVector":"MF8FJTnNxN26bhPcV/B5mO.189","action":"GetUpdates", "result":"DeleteReceived", "context":{"id":"c61557ec-64b3-4448-9b82-2b8b6cbfca22", "isDeleted:":"true", "version":"1695434700619"}}
{"logTime": "1117/105757", "correlationVector":"MF8FJTnNxN26bhPcV/B5mO.190","action":"GetUpdates", "result":"DeleteReceived", "context":{"id":"bb6c5ae0-9882-4303-ab0a-f19b1323849e", "isDeleted:":"true", "version":"1695434700620"}}
{"logTime": "1117/105757", "correlationVector":"MF8FJTnNxN26bhPcV/B5mO.191","action":"GetUpdates", "result":"DeleteReceived", "context":{"id":"7994ff86-00af-4efa-aa01-efa917b2bebc", "isDeleted:":"true", "version":"1695434700621"}}
{"logTime": "1117/105757", "correlationVector":"MF8FJTnNxN26bhPcV/B5mO.192","action":"GetUpdates", "result":"DeleteReceived", "context":{"id":"c0cc2a02-1727-4fc6-be25-daae47e25744", "isDeleted:":"true", "version":"1695434700622"}}
{"logTime": "1117/105757", "correlationVector":"MF8FJTnNxN26bhPcV/B5mO.193","action":"GetUpdates", "result":"DeleteReceived", "context":{"id":"2780f6ff-5152-4970-a17f-3d492ea42867", "isDeleted:":"true", "version":"1695438026282"}}
{"logTime": "1117/105757", "correlationVector":"MF8FJTnNxN26bhPcV/B5mO.194","action":"GetUpdates", "result":"DeleteReceived", "context":{"id":"9e37e3f0-f8ae-43dd-86fb-e69c92d5f411", "isDeleted:":"true", "version":"1695438026284"}}
{"logTime": "1117/105757", "correlationVector":"MF8FJTnNxN26bhPcV/B5mO.195","action":"GetUpdates", "result":"DeleteReceived", "context":{"id":"738f1335-2c08-437c-9c0e-79cc0573e0d1", "isDeleted:":"true", "version":"1695438026285"}}
{"logTime": "1117/105757", "correlationVector":"MF8FJTnNxN26bhPcV/B5mO.196","action":"GetUpdates", "result":"DeleteReceived", "context":{"id":"1a930fb1-5c07-4e27-8cbc-33951257930f", "isDeleted:":"true", "version":"1695438026286"}}
{"logTime": "1117/105757", "correlationVector":"MF8FJTnNxN26bhPcV/B5mO.197","action":"GetUpdates", "result":"DeleteReceived", "context":{"id":"9b49e2b5-3d02-4c9f-89c1-0f7fbf696f0d", "isDeleted:":"true", "version":"1695438026287"}}
{"logTime": "1117/105758", "correlationVector":"MF8FJTnNxN26bhPcV/B5mO.198","action":"GetUpdates", "result":"DeleteReceived", "context":{"id":"e85c76ca-4593-453a-a547-50c073845a07", "isDeleted:":"true", "version":"1695438026289"}}
{"logTime": "1117/105758", "correlationVector":"MF8FJTnNxN26bhPcV/B5mO.199","action":"GetUpdates", "result":"DeleteReceived", "context":{"id":"b336b93f-6989-4035-ace1-5e39e3ad0bee", "isDeleted:":"true", "version":"1695438026290"}}
{"logTime": "1117/105758", "correlationVector":"MF8FJTnNxN26bhPcV/B5mO.200","action":"GetUpdates", "result":"DeleteReceived", "context":{"id":"d53c21b4-a303-44cd-9ac9-5f88ca5ec6c2", "isDeleted:":"true", "version":"1695438026293"}}
{"logTime": "1117/105758", "correlationVector":"MF8FJTnNxN26bhPcV/B5mO.201","action":"GetUpdates", "result":"DeleteReceived", "context":{"id":"2ef7c2d1-d11c-4c17-9ea1-0b52ccae2644", "isDeleted:":"true", "version":"1695438026296"}}
{"logTime": "1117/105758", "correlationVector":"MF8FJTnNxN26bhPcV/B5mO.202","action":"GetUpdates", "result":"DeleteReceived", "context":{"id":"b62b9e31-6ff7-4f83-9e90-5cbe0110c064", "isDeleted:":"true", "version":"1695438026301"}}
{"logTime": "1117/105758", "correlationVector":"MF8FJTnNxN26bhPcV/B5mO.203","action":"GetUpdates", "result":"DeleteReceived", "context":{"id":"7f7abfc8-9650-4ce9-b820-8f9870e657e1", "isDeleted:":"true", "version":"1695438027725"}}
{"logTime": "1117/105758", "correlationVector":"MF8FJTnNxN26bhPcV/B5mO.204","action":"GetUpdates", "result":"DeleteReceived", "context":{"id":"4187645c-f747-4791-a5b7-90838f07258a", "isDeleted:":"true", "version":"1695438027727"}}
{"logTime": "1117/105758", "correlationVector":"MF8FJTnNxN26bhPcV/B5mO.205","action":"GetUpdates", "result":"DeleteReceived", "context":{"id":"c56bab6f-cd30-4055-af96-47946e092669", "isDeleted:":"true", "version":"1695438027729"}}
{"logTime": "1117/105758", "correlationVector":"MF8FJTnNxN26bhPcV/B5mO.206","action":"GetUpdates", "result":"DeleteReceived", "context":{"id":"820ee548-c0cc-41b7-9592-7a5df78faf66", "isDeleted:":"true", "version":"1695438027731"}}
{"logTime": "1117/105758", "correlationVector":"MF8FJTnNxN26bhPcV/B5mO.207","action":"GetUpdates", "result":"DeleteReceived", "context":{"id":"1e36ef4b-6698-4f21-8625-9ea0cd586288", "isDeleted:":"true", "version":"1695438027732"}}
{"logTime": "1117/105758", "correlationVector":"MF8FJTnNxN26bhPcV/B5mO.208","action":"GetUpdates", "result":"DeleteReceived", "context":{"id":"1ae8bdcc-802a-4706-88cd-df60c98e427c", "isDeleted:":"true", "version":"1695438027733"}}
{"logTime": "1117/105758", "correlationVector":"MF8FJTnNxN26bhPcV/B5mO.209","action":"GetUpdates", "result":"DeleteReceived", "context":{"id":"f1a6a84e-507a-428a-a54b-4604081b4b50", "isDeleted:":"true", "version":"1695438027734"}}
{"logTime": "1117/105758", "correlationVector":"MF8FJTnNxN26bhPcV/B5mO.210","action":"GetUpdates", "result":"DeleteReceived", "context":{"id":"03f7fc4b-994d-4c93-9d8f-15b8e2bfe3b4", "isDeleted:":"true", "version":"1695441631116"}}
{"logTime": "1117/105758", "correlationVector":"MF8FJTnNxN26bhPcV/B5mO.211","action":"GetUpdates", "result":"DeleteReceived", "context":{"id":"d7e4f4e9-48da-423b-a531-073734383717", "isDeleted:":"true", "version":"1695533657977"}}
{"logTime": "1117/105758", "correlationVector":"MF8FJTnNxN26bhPcV/B5mO.212","action":"GetUpdates", "result":"DeleteReceived", "context":{"id":"d7c63c28-ee5b-4946-a8c9-3881a74d5039", "isDeleted:":"true", "version":"1695533657982"}}
{"logTime": "1117/105758", "correlationVector":"MF8FJTnNxN26bhPcV/B5mO.213","action":"GetUpdates", "result":"DeleteReceived", "context":{"id":"07223b69-4c94-4f31-b94b-b158353a2567", "isDeleted:":"true", "version":"1695533657985"}}
{"logTime": "1117/105758", "correlationVector":"MF8FJTnNxN26bhPcV/B5mO.214","action":"GetUpdates", "result":"DeleteReceived", "context":{"id":"7cc88851-3086-44ec-8f29-f4d17ab1b059", "isDeleted:":"true", "version":"1695533657986"}}
{"logTime": "1117/105758", "correlationVector":"MF8FJTnNxN26bhPcV/B5mO.215","action":"GetUpdates", "result":"DeleteReceived", "context":{"id":"8d5a5483-e73a-458d-b4a7-c69eb07b443c", "isDeleted:":"true", "version":"1695533657988"}}
{"logTime": "1117/105758", "correlationVector":"MF8FJTnNxN26bhPcV/B5mO.216","action":"GetUpdates", "result":"DeleteReceived", "context":{"id":"315b3ce6-6f6a-4f30-a62b-f5e4535ab38e", "isDeleted:":"true", "version":"1695533657989"}}
{"logTime": "1117/105758", "correlationVector":"MF8FJTnNxN26bhPcV/B5mO.217","action":"GetUpdates", "result":"DeleteReceived", "context":{"id":"ac089383-176f-45cd-b237-8ef93ae35bec", "isDeleted:":"true", "version":"1695533657991"}}
{"logTime": "1117/105758", "correlationVector":"MF8FJTnNxN26bhPcV/B5mO.218","action":"GetUpdates", "result":"DeleteReceived", "context":{"id":"f977bf0a-87d9-4338-b9e5-ea1d5257454d", "isDeleted:":"true", "version":"1695533657992"}}
{"logTime": "1117/105758", "correlationVector":"MF8FJTnNxN26bhPcV/B5mO.219","action":"GetUpdates", "result":"DeleteReceived", "context":{"id":"910c9640-d0fe-45e4-bbfd-711672d6e4fe", "isDeleted:":"true", "version":"1695533659552"}}
{"logTime": "1117/105758", "correlationVector":"MF8FJTnNxN26bhPcV/B5mO.220","action":"GetUpdates", "result":"DeleteReceived", "context":{"id":"4355b0ce-8668-46d4-bacb-c4722b1f40b0", "isDeleted:":"true", "version":"1695533659553"}}
{"logTime": "1117/105758", "correlationVector":"MF8FJTnNxN26bhPcV/B5mO.221","action":"GetUpdates", "result":"DeleteReceived", "context":{"id":"575ec624-ca2e-4f9e-af83-0ff80b442332", "isDeleted:":"true", "version":"1695533659555"}}
{"logTime": "1117/105758", "correlationVector":"MF8FJTnNxN26bhPcV/B5mO.222","action":"GetUpdates", "result":"DeleteReceived", "context":{"id":"6e5e8cfc-0914-42d8-b4ea-226a1835fe01", "isDeleted:":"true", "version":"1695533659557"}}
{"logTime": "1117/105758", "correlationVector":"MF8FJTnNxN26bhPcV/B5mO.223","action":"GetUpdates", "result":"DeleteReceived", "context":{"id":"6bc50991-8b04-448e-889d-d08d50a1fc97", "isDeleted:":"true", "version":"1695533659566"}}
{"logTime": "1117/105758", "correlationVector":"MF8FJTnNxN26bhPcV/B5mO.224","action":"GetUpdates", "result":"DeleteReceived", "context":{"id":"8629c13b-a644-4354-8e0a-ddc4c42ffd1e", "isDeleted:":"true", "version":"1695533659567"}}
{"logTime": "1117/105758", "correlationVector":"MF8FJTnNxN26bhPcV/B5mO.225","action":"GetUpdates", "result":"DeleteReceived", "context":{"id":"70b30385-d71e-47c9-8390-a6a02229775a", "isDeleted:":"true", "version":"1695533659568"}}
{"logTime": "1117/105758", "correlationVector":"MF8FJTnNxN26bhPcV/B5mO.226","action":"GetUpdates", "result":"DeleteReceived", "context":{"id":"07ae1e2e-1f33-4aed-975c-dad14a0c286f", "isDeleted:":"true", "version":"1695533659569"}}
{"logTime": "1117/105758", "correlationVector":"MF8FJTnNxN26bhPcV/B5mO.227","action":"GetUpdates", "result":"DeleteReceived", "context":{"id":"5aaae4eb-82ce-422d-a016-97ba9dc54e76", "isDeleted:":"true", "version":"1695533659570"}}
{"logTime": "1117/105758", "correlationVector":"MF8FJTnNxN26bhPcV/B5mO.228","action":"GetUpdates", "result":"DeleteReceived", "context":{"id":"1b3308f3-5384-4726-b758-a497cf3bd3d5", "isDeleted:":"true", "version":"1696758226939"}}
{"logTime": "1117/105758", "correlationVector":"MF8FJTnNxN26bhPcV/B5mO.229","action":"GetUpdates", "result":"DeleteReceived", "context":{"id":"9f55a6cd-1e94-4535-9517-3219f8c7de1e", "isDeleted:":"true", "version":"1696758226941"}}
{"logTime": "1117/105758", "correlationVector":"MF8FJTnNxN26bhPcV/B5mO.230","action":"GetUpdates", "result":"DeleteReceived", "context":{"id":"09f3d680-d16c-4dcb-b1d3-8541e07fbb2f", "isDeleted:":"true", "version":"1696758226942"}}
{"logTime": "1117/105758", "correlationVector":"MF8FJTnNxN26bhPcV/B5mO.231","action":"GetUpdates", "result":"DeleteReceived", "context":{"id":"974eef5b-cdb8-4541-bfd0-b028b953a268", "isDeleted:":"true", "version":"1696758226944"}}
{"logTime": "1117/105758", "correlationVector":"MF8FJTnNxN26bhPcV/B5mO.232","action":"GetUpdates", "result":"DeleteReceived", "context":{"id":"52e06cc2-eabd-4b45-805f-aefd61b9fd2b", "isDeleted:":"true", "version":"1696758226946"}}
{"logTime": "1117/105758", "correlationVector":"MF8FJTnNxN26bhPcV/B5mO.233","action":"GetUpdates Response", "result":"SERVER_MORE_TO_DOWNLOAD", "context":Received 250 update(s).  Some updates remain.}
{"logTime": "1117/105758", "correlationVector":"K4fSMZXGypU8X6tPn7baT9","action":"Initial GetUpdates", "result":"", "context":Reason: RECONFIGURATION. cV=K4fSMZXGypU8X6tPn7baT9}
{"logTime": "1117/105758", "correlationVector":"K4fSMZXGypU8X6tPn7baT9.1","action":"SyncServerConnectionManagerRequest", "result":"SYNC_SERVER_OK", "context":{"environment":"Prod_SoutheastAsia_000j", "migrationStage":"NotStarted", "server":"GENERAL0100001H"}}
{"logTime": "1117/105758", "correlationVector":"K4fSMZXGypU8X6tPn7baT9.2","action":"GetUpdates", "result":"DeleteReceived", "context":{"id":"3e3e3f7b-2ce8-436d-8265-a0e6ffd0e18b", "isDeleted:":"true", "version":"1696758226947"}}
{"logTime": "1117/105758", "correlationVector":"K4fSMZXGypU8X6tPn7baT9.3","action":"GetUpdates", "result":"DeleteReceived", "context":{"id":"b686a444-27b9-43af-91be-1b1ece5874f2", "isDeleted:":"true", "version":"1696758226950"}}
{"logTime": "1117/105758", "correlationVector":"K4fSMZXGypU8X6tPn7baT9.4","action":"GetUpdates", "result":"DeleteReceived", "context":{"id":"fd1dad5a-202d-4d60-9c94-c320ae265d58", "isDeleted:":"true", "version":"1696758226953"}}
{"logTime": "1117/105758", "correlationVector":"K4fSMZXGypU8X6tPn7baT9.5","action":"GetUpdates", "result":"DeleteReceived", "context":{"id":"8eee2f27-7a81-4442-b60d-debd6f66a6a3", "isDeleted:":"true", "version":"1696758227969"}}
{"logTime": "1117/105758", "correlationVector":"K4fSMZXGypU8X6tPn7baT9.6","action":"GetUpdates", "result":"DeleteReceived", "context":{"id":"fad1617c-7c51-4c6c-9a7b-9bb7264dbc97", "isDeleted:":"true", "version":"1696758227973"}}
{"logTime": "1117/105758", "correlationVector":"K4fSMZXGypU8X6tPn7baT9.7","action":"GetUpdates", "result":"DeleteReceived", "context":{"id":"4014ce88-76bf-4bef-a23d-0ba26ac89874", "isDeleted:":"true", "version":"1696758227975"}}
{"logTime": "1117/105758", "correlationVector":"K4fSMZXGypU8X6tPn7baT9.8","action":"GetUpdates", "result":"DeleteReceived", "context":{"id":"208b8863-808c-4752-a3db-6de815ede368", "isDeleted:":"true", "version":"1696758227976"}}
{"logTime": "1117/105758", "correlationVector":"K4fSMZXGypU8X6tPn7baT9.9","action":"GetUpdates", "result":"DeleteReceived", "context":{"id":"eed06e91-e1d7-4867-a18f-a31671e38727", "isDeleted:":"true", "version":"1696758227978"}}
{"logTime": "1117/105758", "correlationVector":"K4fSMZXGypU8X6tPn7baT9.10","action":"GetUpdates", "result":"DeleteReceived", "context":{"id":"ba80ad4f-40c8-42cc-ae0b-095c5944c6b6", "isDeleted:":"true", "version":"1696758227979"}}
{"logTime": "1117/105758", "correlationVector":"K4fSMZXGypU8X6tPn7baT9.11","action":"GetUpdates", "result":"DeleteReceived", "context":{"id":"a8ba63ec-d6ba-406e-a32a-04a59d79ad3f", "isDeleted:":"true", "version":"1696758227980"}}
{"logTime": "1117/105758", "correlationVector":"K4fSMZXGypU8X6tPn7baT9.12","action":"GetUpdates", "result":"DeleteReceived", "context":{"id":"5f7e2cd9-ac9b-42e7-94bb-6f8e187c7ee5", "isDeleted:":"true", "version":"1696758227981"}}
{"logTime": "1117/105758", "correlationVector":"K4fSMZXGypU8X6tPn7baT9.13","action":"GetUpdates", "result":"DeleteReceived", "context":{"id":"d0938574-805c-43fa-9b54-3b352ca1369e", "isDeleted:":"true", "version":"1696758229548"}}
{"logTime": "1117/105758", "correlationVector":"K4fSMZXGypU8X6tPn7baT9.14","action":"GetUpdates", "result":"DeleteReceived", "context":{"id":"adbed155-14b4-48b2-a117-65bb2be4a276", "isDeleted:":"true", "version":"1696758231089"}}
{"logTime": "1117/105758", "correlationVector":"K4fSMZXGypU8X6tPn7baT9.15","action":"GetUpdates", "result":"DeleteReceived", "context":{"id":"2ee6ac12-c0db-46bd-a8c1-5deb9339d6f4", "isDeleted:":"true", "version":"1696758231091"}}
{"logTime": "1117/105758", "correlationVector":"K4fSMZXGypU8X6tPn7baT9.16","action":"GetUpdates", "result":"DeleteReceived", "context":{"id":"792884f8-5e01-4cf4-bb25-f799209ad535", "isDeleted:":"true", "version":"1696758231092"}}
{"logTime": "1117/105758", "correlationVector":"K4fSMZXGypU8X6tPn7baT9.17","action":"GetUpdates", "result":"DeleteReceived", "context":{"id":"d11ea9cb-c157-425a-b108-382a2e658663", "isDeleted:":"true", "version":"1696758265811"}}
{"logTime": "1117/105758", "correlationVector":"K4fSMZXGypU8X6tPn7baT9.18","action":"GetUpdates", "result":"DeleteReceived", "context":{"id":"2e764fe9-b572-44b1-9098-ce61b5d8dcc2", "isDeleted:":"true", "version":"1696758265817"}}
{"logTime": "1117/105758", "correlationVector":"K4fSMZXGypU8X6tPn7baT9.19","action":"GetUpdates", "result":"DeleteReceived", "context":{"id":"ba9ef10a-f5d8-4616-85b6-11dc88b7477c", "isDeleted:":"true", "version":"1696758265819"}}
{"logTime": "1117/105758", "correlationVector":"K4fSMZXGypU8X6tPn7baT9.20","action":"GetUpdates", "result":"DeleteReceived", "context":{"id":"695ec8c5-8e6f-4bde-a0d5-eef2f19b0893", "isDeleted:":"true", "version":"1696758265822"}}
{"logTime": "1117/105758", "correlationVector":"K4fSMZXGypU8X6tPn7baT9.21","action":"GetUpdates", "result":"DeleteReceived", "context":{"id":"46ea6441-1ef5-46a8-9ecc-f19be2b7d79f", "isDeleted:":"true", "version":"1696758265823"}}
{"logTime": "1117/105758", "correlationVector":"K4fSMZXGypU8X6tPn7baT9.22","action":"GetUpdates", "result":"DeleteReceived", "context":{"id":"22b3ae68-e381-4d26-89f1-2aa05f546447", "isDeleted:":"true", "version":"1696758283771"}}
{"logTime": "1117/105758", "correlationVector":"K4fSMZXGypU8X6tPn7baT9.23","action":"GetUpdates", "result":"DeleteReceived", "context":{"id":"1a074125-ff01-442d-84ba-b0db8dd84574", "isDeleted:":"true", "version":"1696758283772"}}
{"logTime": "1117/105758", "correlationVector":"K4fSMZXGypU8X6tPn7baT9.24","action":"GetUpdates", "result":"DeleteReceived", "context":{"id":"eaf5c8e8-d3d1-4433-a3b9-88d53acc88bf", "isDeleted:":"true", "version":"1696758283773"}}
{"logTime": "1117/105758", "correlationVector":"K4fSMZXGypU8X6tPn7baT9.25","action":"GetUpdates", "result":"DeleteReceived", "context":{"id":"983dda8c-0f0c-4686-ac70-148ef8bd8431", "isDeleted:":"true", "version":"1696758283774"}}
{"logTime": "1117/105758", "correlationVector":"K4fSMZXGypU8X6tPn7baT9.26","action":"GetUpdates", "result":"DeleteReceived", "context":{"id":"bdc5dd6f-50a8-4285-8eb0-5577d3916939", "isDeleted:":"true", "version":"1696758283775"}}
{"logTime": "1117/105758", "correlationVector":"K4fSMZXGypU8X6tPn7baT9.27","action":"GetUpdates", "result":"DeleteReceived", "context":{"id":"b013d11c-d5dc-4ebb-9274-e392e6cd312b", "isDeleted:":"true", "version":"1696758283776"}}
{"logTime": "1117/105758", "correlationVector":"K4fSMZXGypU8X6tPn7baT9.28","action":"GetUpdates", "result":"DeleteReceived", "context":{"id":"fc7796d8-b464-429d-ad5e-c71d94092c91", "isDeleted:":"true", "version":"1696758283777"}}
{"logTime": "1117/105758", "correlationVector":"K4fSMZXGypU8X6tPn7baT9.29","action":"GetUpdates", "result":"DeleteReceived", "context":{"id":"20168226-1ec5-4cb9-af7d-8ffa6ff04b9c", "isDeleted:":"true", "version":"1696758283778"}}
{"logTime": "1117/105758", "correlationVector":"K4fSMZXGypU8X6tPn7baT9.30","action":"GetUpdates", "result":"DeleteReceived", "context":{"id":"1104b02e-d8a9-4bb2-bcab-05857bfee14e", "isDeleted:":"true", "version":"1696758283779"}}
{"logTime": "1117/105758", "correlationVector":"K4fSMZXGypU8X6tPn7baT9.31","action":"GetUpdates", "result":"DeleteReceived", "context":{"id":"0db26136-0734-4bce-b73e-2c020b005559", "isDeleted:":"true", "version":"1696758283780"}}
{"logTime": "1117/105758", "correlationVector":"K4fSMZXGypU8X6tPn7baT9.32","action":"GetUpdates", "result":"DeleteReceived", "context":{"id":"4a2cab39-a211-4f1f-a0ab-01172d31eb44", "isDeleted:":"true", "version":"1696758283781"}}
{"logTime": "1117/105758", "correlationVector":"K4fSMZXGypU8X6tPn7baT9.33","action":"GetUpdates", "result":"DeleteReceived", "context":{"id":"314ab876-25d7-46c8-85b2-4ac68d031808", "isDeleted:":"true", "version":"1696760997040"}}
{"logTime": "1117/105758", "correlationVector":"K4fSMZXGypU8X6tPn7baT9.34","action":"GetUpdates", "result":"DeleteReceived", "context":{"id":"d1c11d96-da53-4de2-9a9e-0c83ea645f45", "isDeleted:":"true", "version":"1696761033729"}}
{"logTime": "1117/105758", "correlationVector":"K4fSMZXGypU8X6tPn7baT9.35","action":"GetUpdates", "result":"DeleteReceived", "context":{"id":"af90a70d-8151-4f69-b15d-e281e0374985", "isDeleted:":"true", "version":"1696770365882"}}
{"logTime": "1117/105758", "correlationVector":"K4fSMZXGypU8X6tPn7baT9.36","action":"GetUpdates", "result":"DeleteReceived", "context":{"id":"086859da-f243-4540-8834-46b71754b72f", "isDeleted:":"true", "version":"1699154951826"}}
{"logTime": "1117/105758", "correlationVector":"K4fSMZXGypU8X6tPn7baT9.37","action":"GetUpdates", "result":"DeleteReceived", "context":{"id":"57990d43-dfed-422d-bb3f-fc443471d477", "isDeleted:":"true", "version":"1699204898593"}}
{"logTime": "1117/105758", "correlationVector":"K4fSMZXGypU8X6tPn7baT9.38","action":"GetUpdates", "result":"DeleteReceived", "context":{"id":"331188e1-4b2d-456b-9cbb-09a937169c46", "isDeleted:":"true", "version":"1699204898594"}}
{"logTime": "1117/105758", "correlationVector":"K4fSMZXGypU8X6tPn7baT9.39","action":"GetUpdates", "result":"DeleteReceived", "context":{"id":"07a893bb-89f7-4f35-976b-e1af762a05fa", "isDeleted:":"true", "version":"1699204898599"}}
{"logTime": "1117/105758", "correlationVector":"K4fSMZXGypU8X6tPn7baT9.40","action":"GetUpdates", "result":"DeleteReceived", "context":{"id":"35d8df6c-bb9b-4e9d-b4d6-9641dcaaa82a", "isDeleted:":"true", "version":"1699426153560"}}
{"logTime": "1117/105758", "correlationVector":"K4fSMZXGypU8X6tPn7baT9.41","action":"GetUpdates", "result":"DeleteReceived", "context":{"id":"edcc4de1-431f-46ba-aa04-d736744e257e", "isDeleted:":"true", "version":"1699426153563"}}
{"logTime": "1117/105758", "correlationVector":"K4fSMZXGypU8X6tPn7baT9.42","action":"GetUpdates", "result":"DeleteReceived", "context":{"id":"847d0daa-73c3-4d05-ae24-f08dc6fae881", "isDeleted:":"true", "version":"1699426153564"}}
{"logTime": "1117/105758", "correlationVector":"K4fSMZXGypU8X6tPn7baT9.43","action":"GetUpdates", "result":"DeleteReceived", "context":{"id":"16641109-14bb-4f9e-b6a1-17899a3b9d5b", "isDeleted:":"true", "version":"1699426153565"}}
{"logTime": "1117/105758", "correlationVector":"K4fSMZXGypU8X6tPn7baT9.44","action":"GetUpdates", "result":"DeleteReceived", "context":{"id":"67ae2282-5239-47fa-b2f0-eb21726e4577", "isDeleted:":"true", "version":"1699426153567"}}
{"logTime": "1117/105758", "correlationVector":"K4fSMZXGypU8X6tPn7baT9.45","action":"GetUpdates", "result":"DeleteReceived", "context":{"id":"25785ab0-2fa5-4c60-8dc0-b6bdf2e89065", "isDeleted:":"true", "version":"1699426162970"}}
{"logTime": "1117/105758", "correlationVector":"K4fSMZXGypU8X6tPn7baT9.46","action":"GetUpdates", "result":"DeleteReceived", "context":{"id":"32872e9e-2ce4-4bc6-9a7d-42d07ec28671", "isDeleted:":"true", "version":"1699427049533"}}
{"logTime": "1117/105758", "correlationVector":"K4fSMZXGypU8X6tPn7baT9.47","action":"GetUpdates", "result":"DeleteReceived", "context":{"id":"4eed08d8-ca5a-4116-8333-bcadd372d62b", "isDeleted:":"true", "version":"1699427049536"}}
{"logTime": "1117/105758", "correlationVector":"K4fSMZXGypU8X6tPn7baT9.48","action":"GetUpdates", "result":"DeleteReceived", "context":{"id":"5fb4cdcb-d319-4f03-a21b-26a8fee8f752", "isDeleted:":"true", "version":"1699437952801"}}
{"logTime": "1117/105758", "correlationVector":"K4fSMZXGypU8X6tPn7baT9.49","action":"GetUpdates", "result":"DeleteReceived", "context":{"id":"115ab159-ab79-45ac-95d5-846fe8b07c9b", "isDeleted:":"true", "version":"1699437952806"}}
{"logTime": "1117/105758", "correlationVector":"K4fSMZXGypU8X6tPn7baT9.50","action":"GetUpdates", "result":"DeleteReceived", "context":{"id":"4014c080-05f2-4292-873c-35ab44f284fa", "isDeleted:":"true", "version":"1699447954087"}}
{"logTime": "1117/105758", "correlationVector":"K4fSMZXGypU8X6tPn7baT9.51","action":"GetUpdates", "result":"DeleteReceived", "context":{"id":"be89f208-855b-42c2-a35e-ae6de98177f6", "isDeleted:":"true", "version":"1699449888076"}}
{"logTime": "1117/105758", "correlationVector":"K4fSMZXGypU8X6tPn7baT9.52","action":"GetUpdates", "result":"DeleteReceived", "context":{"id":"ccd0e8ac-74ac-48ca-b2f1-0a5bf160c5fc", "isDeleted:":"true", "version":"1699449888080"}}
{"logTime": "1117/105758", "correlationVector":"K4fSMZXGypU8X6tPn7baT9.53","action":"GetUpdates", "result":"DeleteReceived", "context":{"id":"2dfc5d1f-a31d-4602-8a25-97b798d72980", "isDeleted:":"true", "version":"1699789757258"}}
{"logTime": "1117/105758", "correlationVector":"K4fSMZXGypU8X6tPn7baT9.54","action":"GetUpdates", "result":"DeleteReceived", "context":{"id":"d5633323-9f66-48a7-94a9-f6c59231dfb5", "isDeleted:":"true", "version":"1699852414917"}}
{"logTime": "1117/105758", "correlationVector":"K4fSMZXGypU8X6tPn7baT9.55","action":"GetUpdates", "result":"DeleteReceived", "context":{"id":"03865e02-053e-4928-84eb-22d9026983f4", "isDeleted:":"true", "version":"1699852414919"}}
{"logTime": "1117/105758", "correlationVector":"K4fSMZXGypU8X6tPn7baT9.56","action":"GetUpdates", "result":"DeleteReceived", "context":{"id":"d5cc6c99-7974-435e-bf41-ca30fb0125d0", "isDeleted:":"true", "version":"1699852414920"}}
{"logTime": "1117/105758", "correlationVector":"K4fSMZXGypU8X6tPn7baT9.57","action":"GetUpdates", "result":"DeleteReceived", "context":{"id":"b0d39b9c-c122-487f-a956-e1f383de2030", "isDeleted:":"true", "version":"1699852414923"}}
{"logTime": "1117/105758", "correlationVector":"K4fSMZXGypU8X6tPn7baT9.58","action":"GetUpdates", "result":"DeleteReceived", "context":{"id":"bec82ddc-7f9f-48e1-9376-d30b51afa516", "isDeleted:":"true", "version":"1699852414925"}}
{"logTime": "1117/105758", "correlationVector":"K4fSMZXGypU8X6tPn7baT9.59","action":"GetUpdates", "result":"DeleteReceived", "context":{"id":"c57a8d23-a5f2-4b0b-ac7c-40cb6cc1bed1", "isDeleted:":"true", "version":"1699852414929"}}
{"logTime": "1117/105758", "correlationVector":"K4fSMZXGypU8X6tPn7baT9.60","action":"GetUpdates", "result":"DeleteReceived", "context":{"id":"5e0a712c-8f47-447d-84f9-7e0865196e54", "isDeleted:":"true", "version":"1699852414930"}}
{"logTime": "1117/105758", "correlationVector":"K4fSMZXGypU8X6tPn7baT9.61","action":"GetUpdates", "result":"DeleteReceived", "context":{"id":"81969d9f-e091-463d-8b1a-d18f2449e148", "isDeleted:":"true", "version":"1699853495066"}}
{"logTime": "1117/105758", "correlationVector":"K4fSMZXGypU8X6tPn7baT9.62","action":"GetUpdates", "result":"DeleteReceived", "context":{"id":"76f3cf55-3cb9-4aa8-a101-6b9c233669d4", "isDeleted:":"true", "version":"1699853495067"}}
{"logTime": "1117/105758", "correlationVector":"K4fSMZXGypU8X6tPn7baT9.63","action":"GetUpdates", "result":"DeleteReceived", "context":{"id":"fb6801a5-317a-4e79-80dd-fd98726334d1", "isDeleted:":"true", "version":"1699939343874"}}
{"logTime": "1117/105758", "correlationVector":"K4fSMZXGypU8X6tPn7baT9.64","action":"GetUpdates", "result":"DeleteReceived", "context":{"id":"378e6e00-1392-4cac-9078-7eecc11958bf", "isDeleted:":"true", "version":"1699939343875"}}
{"logTime": "1117/105758", "correlationVector":"K4fSMZXGypU8X6tPn7baT9.65","action":"GetUpdates", "result":"DeleteReceived", "context":{"id":"4d5ace75-95b6-4cbe-9475-82a26918d60a", "isDeleted:":"true", "version":"1699939343876"}}
{"logTime": "1117/105758", "correlationVector":"K4fSMZXGypU8X6tPn7baT9.66","action":"GetUpdates", "result":"DeleteReceived", "context":{"id":"50679d81-7f73-430d-a55e-9146a25b7e2d", "isDeleted:":"true", "version":"1699939343880"}}
{"logTime": "1117/105758", "correlationVector":"K4fSMZXGypU8X6tPn7baT9.67","action":"GetUpdates", "result":"DeleteReceived", "context":{"id":"697ac85d-a295-4995-8870-9e0a896cf630", "isDeleted:":"true", "version":"1699939343882"}}
{"logTime": "1117/105758", "correlationVector":"K4fSMZXGypU8X6tPn7baT9.68","action":"GetUpdates", "result":"DeleteReceived", "context":{"id":"957f5174-5a86-43e6-b576-ef787b0b8bc6", "isDeleted:":"true", "version":"1699939343885"}}
{"logTime": "1117/105758", "correlationVector":"K4fSMZXGypU8X6tPn7baT9.69","action":"GetUpdates", "result":"DeleteReceived", "context":{"id":"660b1292-8714-42a4-9039-e0e106567056", "isDeleted:":"true", "version":"1699939343889"}}
{"logTime": "1117/105758", "correlationVector":"K4fSMZXGypU8X6tPn7baT9.70","action":"GetUpdates", "result":"DeleteReceived", "context":{"id":"b0a2d4c4-34c5-4320-a2e7-ad71d3841cd6", "isDeleted:":"true", "version":"1699939343890"}}
{"logTime": "1117/105758", "correlationVector":"K4fSMZXGypU8X6tPn7baT9.71","action":"GetUpdates", "result":"DeleteReceived", "context":{"id":"f0e288b0-3493-4cc1-a200-b9a80e2b3de4", "isDeleted:":"true", "version":"1699939348876"}}
{"logTime": "1117/105758", "correlationVector":"K4fSMZXGypU8X6tPn7baT9.72","action":"GetUpdates", "result":"DeleteReceived", "context":{"id":"6ed6a440-30ce-4295-ac72-8f60dfc70f93", "isDeleted:":"true", "version":"1699962135849"}}
{"logTime": "1117/105758", "correlationVector":"K4fSMZXGypU8X6tPn7baT9.73","action":"GetUpdates", "result":"DeleteReceived", "context":{"id":"90dcd7dc-e5c1-4fe0-bec2-992bacf0ba0a", "isDeleted:":"true", "version":"1699962135852"}}
{"logTime": "1117/105758", "correlationVector":"K4fSMZXGypU8X6tPn7baT9.74","action":"GetUpdates", "result":"DeleteReceived", "context":{"id":"c9a99de9-116a-4152-ac50-329d2d9d2b62", "isDeleted:":"true", "version":"1700051390859"}}
{"logTime": "1117/105758", "correlationVector":"K4fSMZXGypU8X6tPn7baT9.75","action":"GetUpdates", "result":"DeleteReceived", "context":{"id":"de7985fa-1ca0-4898-a8a2-e3909c2fd68d", "isDeleted:":"true", "version":"1700123598696"}}
{"logTime": "1117/105758", "correlationVector":"K4fSMZXGypU8X6tPn7baT9.76","action":"GetUpdates", "result":"DeleteReceived", "context":{"id":"e46de4c3-0c77-4729-a393-fae75e1fff17", "isDeleted:":"true", "version":"1700142389752"}}
{"logTime": "1117/105758", "correlationVector":"K4fSMZXGypU8X6tPn7baT9.77","action":"GetUpdates", "result":"DeleteReceived", "context":{"id":"4178a6d1-4b90-4a8d-b3bc-cefe2565ced9", "isDeleted:":"true", "version":"1700160191794"}}
{"logTime": "1117/105758", "correlationVector":"K4fSMZXGypU8X6tPn7baT9.78","action":"GetUpdates", "result":"DeleteReceived", "context":{"id":"1bb05b5e-9d39-462f-9ad7-83d48e06d3f9", "isDeleted:":"true", "version":"1700164605617"}}
{"logTime": "1117/105758", "correlationVector":"K4fSMZXGypU8X6tPn7baT9.79","action":"GetUpdates", "result":"DeleteReceived", "context":{"id":"a872ad72-30ae-4932-8dc0-da807ba81881", "isDeleted:":"true", "version":"1700168206508"}}
{"logTime": "1117/105758", "correlationVector":"K4fSMZXGypU8X6tPn7baT9.80","action":"GetUpdates", "result":"DeleteReceived", "context":{"id":"ac9ce56f-ce76-40c4-b8e0-2c82776ac797", "isDeleted:":"true", "version":"1700208230216"}}
{"logTime": "1117/105758", "correlationVector":"K4fSMZXGypU8X6tPn7baT9.81","action":"GetUpdates", "result":"DeleteReceived", "context":{"id":"e997d1ce-f434-4fac-9b08-2413394f196e", "isDeleted:":"true", "version":"1700218662091"}}
{"logTime": "1117/105758", "correlationVector":"K4fSMZXGypU8X6tPn7baT9.82","action":"GetUpdates Response", "result":"SYNCER_OK", "context":Received 125 update(s). cV=K4fSMZXGypU8X6tPn7baT9.0;server=GENERAL0100001H;cloudType=Consumer;environment=Prod_SoutheastAsia_000j;migrationStage=NotStarted}
{"logTime": "1117/105758", "correlationVector":"vjT7GpS5c16DQEEXwEk0xx","action":"Normal GetUpdate request", "result":"", "context":cV=vjT7GpS5c16DQEEXwEk0xx
Nudged types: Preferences, Typed URLs, Sessions, Device Info, User Consents
Refresh requested types: Bookmarks, Preferences, Passwords, Autofill Profiles, Autofill, Autofill Custom Data, Typed URLs, Extensions, Sessions, Extension settings, History Delete Directives, Device Info, User Consents, Send Tab To Self, Web Apps, Collection, Edge E Drop, Edge Hub App Usage, Edge Wallet, Encryption Keys}
{"logTime": "1117/105758", "correlationVector":"vjT7GpS5c16DQEEXwEk0xx.1","action":"SyncServerConnectionManagerRequest", "result":"SYNC_SERVER_OK", "context":{"environment":"Prod_SoutheastAsia_000j", "migrationStage":"NotStarted", "server":"GENERAL01000011"}}
{"logTime": "1117/105758", "correlationVector":"vjT7GpS5c16DQEEXwEk0xx.2","action":"GetUpdates Response", "result":"SYNCER_OK", "context":Received 1 update(s). cV=vjT7GpS5c16DQEEXwEk0xx.0;server=GENERAL01000011;cloudType=Consumer;environment=Prod_SoutheastAsia_000j;migrationStage=NotStarted}
{"logTime": "1117/105758", "correlationVector":"/zwqWRoIEALsXnfqguVEis","action":"Commit Request", "result":"", "context":Item count: 1
Contributing types: Device Info}
{"logTime": "1117/105758", "correlationVector":"/zwqWRoIEALsXnfqguVEis.1","action":"SyncServerConnectionManagerRequest", "result":"SYNC_SERVER_OK", "context":{"environment":"Prod_SoutheastAsia_000j", "migrationStage":"NotStarted", "server":"GENERAL0100000M"}}
{"logTime": "1117/105758", "correlationVector":"/zwqWRoIEALsXnfqguVEis.2","action":"Commit Response", "result":"SYNCER_OK", "context":Result: SYNCER_OK. cV=/zwqWRoIEALsXnfqguVEis.0;server=GENERAL0100000M;cloudType=Consumer;environment=Prod_SoutheastAsia_000j;migrationStage=NotStarted}
{"logTime": "1117/105758", "correlationVector":"gDMbiytRejOMjDVr4RZKGR","action":"Commit Request", "result":"", "context":Item count: 7
Contributing types: Preferences, Typed URLs, Sessions, User Consents}
{"logTime": "1117/105759", "correlationVector":"gDMbiytRejOMjDVr4RZKGR.1","action":"SyncServerConnectionManagerRequest", "result":"SYNC_SERVER_OK", "context":{"environment":"Prod_SoutheastAsia_000j", "migrationStage":"NotStarted", "server":"GENERAL01000004"}}
{"logTime": "1117/105759", "correlationVector":"gDMbiytRejOMjDVr4RZKGR.2","action":"Commit Response", "result":"SYNCER_OK", "context":Result: SYNCER_OK. cV=gDMbiytRejOMjDVr4RZKGR.0;server=GENERAL01000004;cloudType=Consumer;environment=Prod_SoutheastAsia_000j;migrationStage=NotStarted}
{"logTime": "1117/105807", "correlationVector":"H56fspKj0GaEPgamKG1QfG","action":"Commit Request", "result":"", "context":Item count: 15
Contributing types: Passwords}
{"logTime": "1117/105808", "correlationVector":"H56fspKj0GaEPgamKG1QfG.1","action":"SyncServerConnectionManagerRequest", "result":"SYNC_SERVER_OK", "context":{"environment":"Prod_SoutheastAsia_000j", "migrationStage":"NotStarted", "server":"GENERAL0100000Z"}}
{"logTime": "1117/105808", "correlationVector":"H56fspKj0GaEPgamKG1QfG.2","action":"Commit Response", "result":"SYNCER_OK", "context":Result: SYNCER_OK. cV=H56fspKj0GaEPgamKG1QfG.0;server=GENERAL0100000Z;cloudType=Consumer;environment=Prod_SoutheastAsia_000j;migrationStage=NotStarted}
{"logTime": "1117/105808", "correlationVector":"h4Euio0Nlm8rNrS9CXnQ8A","action":"Commit Request", "result":"", "context":Item count: 1
Contributing types: Preferences}
{"logTime": "1117/105809", "correlationVector":"h4Euio0Nlm8rNrS9CXnQ8A.1","action":"SyncServerConnectionManagerRequest", "result":"SYNC_SERVER_OK", "context":{"environment":"Prod_SoutheastAsia_000j", "migrationStage":"NotStarted", "server":"GENERAL0100000G"}}
{"logTime": "1117/105809", "correlationVector":"h4Euio0Nlm8rNrS9CXnQ8A.2","action":"Commit Response", "result":"SYNCER_OK", "context":Result: SYNCER_OK. cV=h4Euio0Nlm8rNrS9CXnQ8A.0;server=GENERAL0100000G;cloudType=Consumer;environment=Prod_SoutheastAsia_000j;migrationStage=NotStarted}
